This file contains any messages produced by compilers while
running configure, to aid debugging if configure makes a mistake.

It was created by elipsbnbls12 configure 1.0.1, which was
generated by GNU Autoconf 2.69.  Invocation command line was

  $ ./configure 

## --------- ##
## Platform. ##
## --------- ##

hostname = KhandakerMBP.local
uname -m = x86_64
uname -r = 17.6.0
uname -s = Darwin
uname -v = Darwin Kernel Version 17.6.0: Tue May  8 15:22:16 PDT 2018; root:xnu-4570.61.1~1/RELEASE_X86_64

/usr/bin/uname -p = i386
/bin/uname -X     = unknown

/bin/arch              = unknown
/usr/bin/arch -k       = unknown
/usr/convex/getsysinfo = unknown
/usr/bin/hostinfo      = Mach kernel version:
	 Darwin Kernel Version 17.6.0: Tue May  8 15:22:16 PDT 2018; root:xnu-4570.61.1~1/RELEASE_X86_64
Kernel configured for up to 4 processors.
2 processors are physically available.
4 processors are logically available.
Processor type: x86_64h (Intel x86-64h Haswell)
Processors active: 0 1 2 3
Primary memory available: 16.00 gigabytes
Default processor set: 450 tasks, 2094 threads, 4 processors
Load average: 2.04, Mach factor: 1.94
/bin/machine           = unknown
/usr/bin/oslevel       = unknown
/bin/universe          = unknown

PATH: /usr/bin
PATH: /opt/local/bin
PATH: /opt/local/sbin
PATH: /anaconda3/bin
PATH: /Library/Frameworks/Python.framework/Versions/3.5/bin
PATH: /Users/khandaker/.cargo/bin
PATH: /Users/khandaker/anaconda/bin
PATH: /Users/khandaker/.rbenv/shims
PATH: /usr/local/bin
PATH: /usr/bin
PATH: /bin
PATH: /usr/sbin
PATH: /sbin
PATH: /Library/TeX/texbin
PATH: /usr/local/share/dotnet
PATH: /opt/X11/bin
PATH: /Library/Frameworks/Mono.framework/Versions/Current/Commands
PATH: /Applications/Wireshark.app/Contents/MacOS
PATH: /Applications/Xamarin Workbooks.app/Contents/SharedSupport/path-bin


## ----------- ##
## Core tests. ##
## ----------- ##

configure:2643: checking build system type
configure:2657: result: x86_64-apple-darwin17.6.0
configure:2677: checking host system type
configure:2690: result: x86_64-apple-darwin17.6.0
configure:2731: checking how to print strings
configure:2758: result: printf
configure:2830: checking for gcc
configure:2846: found /usr/bin/gcc
configure:2857: result: gcc
configure:3086: checking for C compiler version
configure:3095: gcc --version >&5
Apple LLVM version 9.1.0 (clang-902.0.39.2)
Target: x86_64-apple-darwin17.6.0
Thread model: posix
InstalledDir: /Applications/Xcode.app/Contents/Developer/Toolchains/XcodeDefault.xctoolchain/usr/bin
Configured with: --prefix=/Applications/Xcode.app/Contents/Developer/usr --with-gxx-include-dir=/usr/include/c++/4.2.1
configure:3106: $? = 0
configure:3095: gcc -v >&5
Configured with: --prefix=/Applications/Xcode.app/Contents/Developer/usr --with-gxx-include-dir=/usr/include/c++/4.2.1
Apple LLVM version 9.1.0 (clang-902.0.39.2)
Target: x86_64-apple-darwin17.6.0
Thread model: posix
InstalledDir: /Applications/Xcode.app/Contents/Developer/Toolchains/XcodeDefault.xctoolchain/usr/bin
configure:3106: $? = 0
configure:3095: gcc -V >&5
clang: error: argument to '-V' is missing (expected 1 value)
clang: error: no input files
configure:3106: $? = 1
configure:3095: gcc -qversion >&5
clang: error: unknown argument: '-qversion'
clang: error: no input files
configure:3106: $? = 1
configure:3126: checking whether the C compiler works
configure:3148: gcc    conftest.c  >&5
configure:3152: $? = 0
configure:3200: result: yes
configure:3203: checking for C compiler default output file name
configure:3205: result: a.out
configure:3211: checking for suffix of executables
configure:3218: gcc -o conftest    conftest.c  >&5
configure:3222: $? = 0
configure:3244: result: 
configure:3266: checking whether we are cross compiling
configure:3274: gcc -o conftest    conftest.c  >&5
configure:3278: $? = 0
configure:3285: ./conftest
configure:3289: $? = 0
configure:3304: result: no
configure:3309: checking for suffix of object files
configure:3331: gcc -c   conftest.c >&5
configure:3335: $? = 0
configure:3356: result: o
configure:3360: checking whether we are using the GNU C compiler
configure:3379: gcc -c   conftest.c >&5
configure:3379: $? = 0
configure:3388: result: yes
configure:3397: checking whether gcc accepts -g
configure:3417: gcc -c -g  conftest.c >&5
configure:3417: $? = 0
configure:3458: result: yes
configure:3475: checking for gcc option to accept ISO C89
configure:3538: gcc  -c -g -O2  conftest.c >&5
configure:3538: $? = 0
configure:3551: result: none needed
configure:3576: checking whether gcc understands -c and -o together
configure:3598: gcc -c conftest.c -o conftest2.o
configure:3601: $? = 0
configure:3598: gcc -c conftest.c -o conftest2.o
configure:3601: $? = 0
configure:3613: result: yes
configure:3630: checking for a sed that does not truncate output
configure:3694: result: /usr/bin/sed
configure:3712: checking for grep that handles long lines and -e
configure:3770: result: /usr/bin/grep
configure:3775: checking for egrep
configure:3837: result: /usr/bin/grep -E
configure:3842: checking for fgrep
configure:3904: result: /usr/bin/grep -F
configure:3939: checking for ld used by gcc
configure:4006: result: /Applications/Xcode.app/Contents/Developer/Toolchains/XcodeDefault.xctoolchain/usr/bin/ld
configure:4013: checking if the linker (/Applications/Xcode.app/Contents/Developer/Toolchains/XcodeDefault.xctoolchain/usr/bin/ld) is GNU ld
configure:4028: result: no
configure:4040: checking for BSD- or MS-compatible name lister (nm)
configure:4094: result: /usr/bin/nm -B
configure:4224: checking the name lister (/usr/bin/nm -B) interface
configure:4231: gcc -c -g -O2  conftest.c >&5
configure:4234: /usr/bin/nm -B "conftest.o"
configure:4237: output
00000000000001d4 S _some_variable
configure:4244: result: BSD nm
configure:4247: checking whether ln -s works
configure:4251: result: yes
configure:4259: checking the maximum length of command line arguments
configure:4390: result: 196608
configure:4438: checking how to convert x86_64-apple-darwin17.6.0 file names to x86_64-apple-darwin17.6.0 format
configure:4478: result: func_convert_file_noop
configure:4485: checking how to convert x86_64-apple-darwin17.6.0 file names to toolchain format
configure:4505: result: func_convert_file_noop
configure:4512: checking for /Applications/Xcode.app/Contents/Developer/Toolchains/XcodeDefault.xctoolchain/usr/bin/ld option to reload object files
configure:4519: result: -r
configure:4593: checking for objdump
configure:4609: found /usr/bin/objdump
configure:4620: result: objdump
configure:4652: checking how to recognize dependent libraries
configure:4852: result: pass_all
configure:4937: checking for dlltool
configure:4967: result: no
configure:4997: checking how to associate runtime and link libraries
configure:5024: result: printf %s\n
configure:5085: checking for ar
configure:5101: found /usr/bin/ar
configure:5112: result: ar
configure:5149: checking for archiver @FILE support
configure:5166: gcc -c -g -O2  conftest.c >&5
configure:5166: $? = 0
configure:5169: ar cru libconftest.a @conftest.lst >&5
ar: @conftest.lst: No such file or directory
configure:5172: $? = 1
configure:5192: result: no
configure:5250: checking for strip
configure:5266: found /usr/bin/strip
configure:5277: result: strip
configure:5349: checking for ranlib
configure:5365: found /usr/bin/ranlib
configure:5376: result: ranlib
configure:5453: checking for gawk
configure:5483: result: no
configure:5453: checking for mawk
configure:5483: result: no
configure:5453: checking for nawk
configure:5483: result: no
configure:5453: checking for awk
configure:5469: found /usr/bin/awk
configure:5480: result: awk
configure:5520: checking command to parse /usr/bin/nm -B output from gcc object
configure:5673: gcc -c -g -O2  conftest.c >&5
configure:5676: $? = 0
configure:5680: /usr/bin/nm -B conftest.o \| sed -n -e 's/^.*[ ]\([BCDEGRST][BCDEGRST]*\)[ ][ ]*\([_A-Za-z][_A-Za-z0-9]*\)$/\1 \2 \2/p' | sed '/ __gnu_lto/d' \> conftest.nm
configure:5683: $? = 0
cannot find nm_test_var in conftest.nm
configure:5673: gcc -c -g -O2  conftest.c >&5
configure:5676: $? = 0
configure:5680: /usr/bin/nm -B conftest.o \| sed -n -e 's/^.*[ ]\([BCDEGRST][BCDEGRST]*\)[ ][ ]*_\([_A-Za-z][_A-Za-z0-9]*\)$/\1 _\2 \2/p' | sed '/ __gnu_lto/d' \> conftest.nm
configure:5683: $? = 0
configure:5749: gcc -o conftest -g -O2   conftest.c conftstm.o >&5
warning: (x86_64)  could not find object file symbol for symbol _main
configure:5752: $? = 0
configure:5790: result: ok
configure:5837: checking for sysroot
configure:5867: result: no
configure:5874: checking for a working dd
configure:5912: result: /bin/dd
configure:5916: checking how to truncate binary pipes
configure:5931: result: /bin/dd bs=4096 count=1
configure:6260: checking for mt
configure:6290: result: no
configure:6310: checking if : is a manifest tool
configure:6316: : '-?'
configure:6324: result: no
configure:6380: checking for dsymutil
configure:6396: found /usr/bin/dsymutil
configure:6407: result: dsymutil
configure:6472: checking for nmedit
configure:6488: found /usr/bin/nmedit
configure:6499: result: nmedit
configure:6564: checking for lipo
configure:6580: found /usr/bin/lipo
configure:6591: result: lipo
configure:6656: checking for otool
configure:6672: found /usr/bin/otool
configure:6683: result: otool
configure:6748: checking for otool64
configure:6778: result: no
configure:6823: checking for -single_module linker flag
gcc -g -O2  -o libconftest.dylib -dynamiclib -Wl,-single_module conftest.c
configure:6856: result: yes
configure:6859: checking for -exported_symbols_list linker flag
configure:6879: gcc -o conftest -g -O2   -Wl,-exported_symbols_list,conftest.sym conftest.c  >&5
configure:6879: $? = 0
configure:6889: result: yes
configure:6892: checking for -force_load linker flag
gcc -g -O2 -c -o conftest.o conftest.c
ar cru libconftest.a conftest.o
ranlib libconftest.a
gcc -g -O2  -o conftest conftest.c -Wl,-force_load,./libconftest.a
configure:6924: result: yes
configure:7001: checking how to run the C preprocessor
configure:7032: gcc -E  conftest.c
configure:7032: $? = 0
configure:7046: gcc -E  conftest.c
conftest.c:9:10: fatal error: 'ac_nonexistent.h' file not found
#include <ac_nonexistent.h>
         ^~~~~~~~~~~~~~~~~~
1 error generated.
configure:7046: $? = 1
configure: failed program was:
| /* confdefs.h */
| #define PACKAGE_NAME "elipsbnbls12"
| #define PACKAGE_TARNAME "elipsbnbls12"
| #define PACKAGE_VERSION "1.0.1"
| #define PACKAGE_STRING "elipsbnbls12 1.0.1"
| #define PACKAGE_BUGREPORT ""
| #define PACKAGE_URL ""
| /* end confdefs.h.  */
| #include <ac_nonexistent.h>
configure:7071: result: gcc -E
configure:7091: gcc -E  conftest.c
configure:7091: $? = 0
configure:7105: gcc -E  conftest.c
conftest.c:9:10: fatal error: 'ac_nonexistent.h' file not found
#include <ac_nonexistent.h>
         ^~~~~~~~~~~~~~~~~~
1 error generated.
configure:7105: $? = 1
configure: failed program was:
| /* confdefs.h */
| #define PACKAGE_NAME "elipsbnbls12"
| #define PACKAGE_TARNAME "elipsbnbls12"
| #define PACKAGE_VERSION "1.0.1"
| #define PACKAGE_STRING "elipsbnbls12 1.0.1"
| #define PACKAGE_BUGREPORT ""
| #define PACKAGE_URL ""
| /* end confdefs.h.  */
| #include <ac_nonexistent.h>
configure:7134: checking for ANSI C header files
configure:7154: gcc -c -g -O2  conftest.c >&5
configure:7154: $? = 0
configure:7227: gcc -o conftest -g -O2   conftest.c  >&5
configure:7227: $? = 0
configure:7227: ./conftest
configure:7227: $? = 0
configure:7238: result: yes
configure:7251: checking for sys/types.h
configure:7251: gcc -c -g -O2  conftest.c >&5
configure:7251: $? = 0
configure:7251: result: yes
configure:7251: checking for sys/stat.h
configure:7251: gcc -c -g -O2  conftest.c >&5
configure:7251: $? = 0
configure:7251: result: yes
configure:7251: checking for stdlib.h
configure:7251: gcc -c -g -O2  conftest.c >&5
configure:7251: $? = 0
configure:7251: result: yes
configure:7251: checking for string.h
configure:7251: gcc -c -g -O2  conftest.c >&5
configure:7251: $? = 0
configure:7251: result: yes
configure:7251: checking for memory.h
configure:7251: gcc -c -g -O2  conftest.c >&5
configure:7251: $? = 0
configure:7251: result: yes
configure:7251: checking for strings.h
configure:7251: gcc -c -g -O2  conftest.c >&5
configure:7251: $? = 0
configure:7251: result: yes
configure:7251: checking for inttypes.h
configure:7251: gcc -c -g -O2  conftest.c >&5
configure:7251: $? = 0
configure:7251: result: yes
configure:7251: checking for stdint.h
configure:7251: gcc -c -g -O2  conftest.c >&5
configure:7251: $? = 0
configure:7251: result: yes
configure:7251: checking for unistd.h
configure:7251: gcc -c -g -O2  conftest.c >&5
configure:7251: $? = 0
configure:7251: result: yes
configure:7265: checking for dlfcn.h
configure:7265: gcc -c -g -O2  conftest.c >&5
configure:7265: $? = 0
configure:7265: result: yes
configure:7521: checking for objdir
configure:7536: result: .libs
configure:7800: checking if gcc supports -fno-rtti -fno-exceptions
configure:7818: gcc -c -g -O2  -fno-rtti -fno-exceptions conftest.c >&5
configure:7822: $? = 0
configure:7835: result: yes
configure:8193: checking for gcc option to produce PIC
configure:8200: result: -fno-common -DPIC
configure:8208: checking if gcc PIC flag -fno-common -DPIC works
configure:8226: gcc -c -g -O2  -fno-common -DPIC -DPIC conftest.c >&5
configure:8230: $? = 0
configure:8243: result: yes
configure:8272: checking if gcc static flag -static works
configure:8300: result: no
configure:8315: checking if gcc supports -c -o file.o
configure:8336: gcc -c -g -O2  -o out/conftest2.o conftest.c >&5
configure:8340: $? = 0
configure:8362: result: yes
configure:8370: checking if gcc supports -c -o file.o
configure:8417: result: yes
configure:8450: checking whether the gcc linker (/Applications/Xcode.app/Contents/Developer/Toolchains/XcodeDefault.xctoolchain/usr/bin/ld) supports shared libraries
configure:9709: result: yes
configure:9949: checking dynamic linker characteristics
configure:10767: result: darwin17.6.0 dyld
configure:10889: checking how to hardcode library paths into programs
configure:10914: result: immediate
configure:11462: checking whether stripping libraries is possible
configure:11476: result: yes
configure:11502: checking if libtool supports shared libraries
configure:11504: result: yes
configure:11507: checking whether to build shared libraries
configure:11532: result: yes
configure:11535: checking whether to build static libraries
configure:11539: result: yes
configure:11596: checking for a BSD-compatible install
configure:11664: result: /usr/bin/install -c
configure:11675: checking whether build environment is sane
configure:11730: result: yes
configure:11878: checking for a thread-safe mkdir -p
configure:11917: result: ./install-sh -c -d
configure:11920: checking whether make sets $(MAKE)
configure:11942: result: yes
configure:11972: checking for style of include used by make
configure:12000: result: GNU
configure:12034: checking whether make supports nested variables
configure:12051: result: yes
configure:12136: checking dependency style of gcc
configure:12247: result: gcc3
configure:12365: checking for g++
configure:12381: found /usr/bin/g++
configure:12392: result: g++
configure:12419: checking for C++ compiler version
configure:12428: g++ --version >&5
Apple LLVM version 9.1.0 (clang-902.0.39.2)
Target: x86_64-apple-darwin17.6.0
Thread model: posix
InstalledDir: /Applications/Xcode.app/Contents/Developer/Toolchains/XcodeDefault.xctoolchain/usr/bin
Configured with: --prefix=/Applications/Xcode.app/Contents/Developer/usr --with-gxx-include-dir=/usr/include/c++/4.2.1
configure:12439: $? = 0
configure:12428: g++ -v >&5
Configured with: --prefix=/Applications/Xcode.app/Contents/Developer/usr --with-gxx-include-dir=/usr/include/c++/4.2.1
Apple LLVM version 9.1.0 (clang-902.0.39.2)
Target: x86_64-apple-darwin17.6.0
Thread model: posix
InstalledDir: /Applications/Xcode.app/Contents/Developer/Toolchains/XcodeDefault.xctoolchain/usr/bin
configure:12439: $? = 0
configure:12428: g++ -V >&5
clang: error: argument to '-V' is missing (expected 1 value)
clang: error: no input files
configure:12439: $? = 1
configure:12428: g++ -qversion >&5
clang: error: unknown argument: '-qversion'
clang: error: no input files
configure:12439: $? = 1
configure:12443: checking whether we are using the GNU C++ compiler
configure:12462: g++ -c   conftest.cpp >&5
configure:12462: $? = 0
configure:12471: result: yes
configure:12480: checking whether g++ accepts -g
configure:12500: g++ -c -g  conftest.cpp >&5
configure:12500: $? = 0
configure:12541: result: yes
configure:12582: checking how to run the C++ preprocessor
configure:12609: g++ -E  conftest.cpp
configure:12609: $? = 0
configure:12623: g++ -E  conftest.cpp
conftest.cpp:23:10: fatal error: 'ac_nonexistent.h' file not found
#include <ac_nonexistent.h>
         ^~~~~~~~~~~~~~~~~~
1 error generated.
configure:12623: $? = 1
configure: failed program was:
| /* confdefs.h */
| #define PACKAGE_NAME "elipsbnbls12"
| #define PACKAGE_TARNAME "elipsbnbls12"
| #define PACKAGE_VERSION "1.0.1"
| #define PACKAGE_STRING "elipsbnbls12 1.0.1"
| #define PACKAGE_BUGREPORT ""
| #define PACKAGE_URL ""
| #define STDC_HEADERS 1
| #define HAVE_SYS_TYPES_H 1
| #define HAVE_SYS_STAT_H 1
| #define HAVE_STDLIB_H 1
| #define HAVE_STRING_H 1
| #define HAVE_MEMORY_H 1
| #define HAVE_STRINGS_H 1
| #define HAVE_INTTYPES_H 1
| #define HAVE_STDINT_H 1
| #define HAVE_UNISTD_H 1
| #define HAVE_DLFCN_H 1
| #define LT_OBJDIR ".libs/"
| #define PACKAGE "elipsbnbls12"
| #define VERSION "1.0.1"
| /* end confdefs.h.  */
| #include <ac_nonexistent.h>
configure:12648: result: g++ -E
configure:12668: g++ -E  conftest.cpp
configure:12668: $? = 0
configure:12682: g++ -E  conftest.cpp
conftest.cpp:23:10: fatal error: 'ac_nonexistent.h' file not found
#include <ac_nonexistent.h>
         ^~~~~~~~~~~~~~~~~~
1 error generated.
configure:12682: $? = 1
configure: failed program was:
| /* confdefs.h */
| #define PACKAGE_NAME "elipsbnbls12"
| #define PACKAGE_TARNAME "elipsbnbls12"
| #define PACKAGE_VERSION "1.0.1"
| #define PACKAGE_STRING "elipsbnbls12 1.0.1"
| #define PACKAGE_BUGREPORT ""
| #define PACKAGE_URL ""
| #define STDC_HEADERS 1
| #define HAVE_SYS_TYPES_H 1
| #define HAVE_SYS_STAT_H 1
| #define HAVE_STDLIB_H 1
| #define HAVE_STRING_H 1
| #define HAVE_MEMORY_H 1
| #define HAVE_STRINGS_H 1
| #define HAVE_INTTYPES_H 1
| #define HAVE_STDINT_H 1
| #define HAVE_UNISTD_H 1
| #define HAVE_DLFCN_H 1
| #define LT_OBJDIR ".libs/"
| #define PACKAGE "elipsbnbls12"
| #define VERSION "1.0.1"
| /* end confdefs.h.  */
| #include <ac_nonexistent.h>
configure:12844: checking for ld used by g++
configure:12911: result: /Applications/Xcode.app/Contents/Developer/Toolchains/XcodeDefault.xctoolchain/usr/bin/ld
configure:12918: checking if the linker (/Applications/Xcode.app/Contents/Developer/Toolchains/XcodeDefault.xctoolchain/usr/bin/ld) is GNU ld
configure:12933: result: no
configure:12988: checking whether the g++ linker (/Applications/Xcode.app/Contents/Developer/Toolchains/XcodeDefault.xctoolchain/usr/bin/ld) supports shared libraries
configure:14061: result: yes
configure:14097: g++ -c -g -O2  conftest.cpp >&5
configure:14100: $? = 0
configure:14581: checking for g++ option to produce PIC
configure:14588: result: -fno-common -DPIC
configure:14596: checking if g++ PIC flag -fno-common -DPIC works
configure:14614: g++ -c -g -O2  -fno-common -DPIC -DPIC conftest.cpp >&5
configure:14618: $? = 0
configure:14631: result: yes
configure:14654: checking if g++ static flag -static works
configure:14682: result: no
configure:14694: checking if g++ supports -c -o file.o
configure:14715: g++ -c -g -O2  -o out/conftest2.o conftest.cpp >&5
configure:14719: $? = 0
configure:14741: result: yes
configure:14746: checking if g++ supports -c -o file.o
configure:14793: result: yes
configure:14823: checking whether the g++ linker (/Applications/Xcode.app/Contents/Developer/Toolchains/XcodeDefault.xctoolchain/usr/bin/ld) supports shared libraries
configure:14863: result: yes
configure:15004: checking dynamic linker characteristics
configure:15749: result: darwin17.6.0 dyld
configure:15814: checking how to hardcode library paths into programs
configure:15839: result: immediate
configure:15881: checking dependency style of g++
configure:15992: result: gcc3
configure:16055: checking for gcc
configure:16082: result: gcc
configure:16311: checking for C compiler version
configure:16320: gcc --version >&5
Apple LLVM version 9.1.0 (clang-902.0.39.2)
Target: x86_64-apple-darwin17.6.0
Thread model: posix
InstalledDir: /Applications/Xcode.app/Contents/Developer/Toolchains/XcodeDefault.xctoolchain/usr/bin
Configured with: --prefix=/Applications/Xcode.app/Contents/Developer/usr --with-gxx-include-dir=/usr/include/c++/4.2.1
configure:16331: $? = 0
configure:16320: gcc -v >&5
Configured with: --prefix=/Applications/Xcode.app/Contents/Developer/usr --with-gxx-include-dir=/usr/include/c++/4.2.1
Apple LLVM version 9.1.0 (clang-902.0.39.2)
Target: x86_64-apple-darwin17.6.0
Thread model: posix
InstalledDir: /Applications/Xcode.app/Contents/Developer/Toolchains/XcodeDefault.xctoolchain/usr/bin
configure:16331: $? = 0
configure:16320: gcc -V >&5
clang: error: argument to '-V' is missing (expected 1 value)
clang: error: no input files
configure:16331: $? = 1
configure:16320: gcc -qversion >&5
clang: error: unknown argument: '-qversion'
clang: error: no input files
configure:16331: $? = 1
configure:16335: checking whether we are using the GNU C compiler
configure:16363: result: yes
configure:16372: checking whether gcc accepts -g
configure:16433: result: yes
configure:16450: checking for gcc option to accept ISO C89
configure:16526: result: none needed
configure:16551: checking whether gcc understands -c and -o together
configure:16588: result: yes
configure:16610: checking how to run the C preprocessor
configure:16680: result: gcc -E
configure:16700: gcc -E  conftest.c
configure:16700: $? = 0
configure:16714: gcc -E  conftest.c
conftest.c:23:10: fatal error: 'ac_nonexistent.h' file not found
#include <ac_nonexistent.h>
         ^~~~~~~~~~~~~~~~~~
1 error generated.
configure:16714: $? = 1
configure: failed program was:
| /* confdefs.h */
| #define PACKAGE_NAME "elipsbnbls12"
| #define PACKAGE_TARNAME "elipsbnbls12"
| #define PACKAGE_VERSION "1.0.1"
| #define PACKAGE_STRING "elipsbnbls12 1.0.1"
| #define PACKAGE_BUGREPORT ""
| #define PACKAGE_URL ""
| #define STDC_HEADERS 1
| #define HAVE_SYS_TYPES_H 1
| #define HAVE_SYS_STAT_H 1
| #define HAVE_STDLIB_H 1
| #define HAVE_STRING_H 1
| #define HAVE_MEMORY_H 1
| #define HAVE_STRINGS_H 1
| #define HAVE_INTTYPES_H 1
| #define HAVE_STDINT_H 1
| #define HAVE_UNISTD_H 1
| #define HAVE_DLFCN_H 1
| #define LT_OBJDIR ".libs/"
| #define PACKAGE "elipsbnbls12"
| #define VERSION "1.0.1"
| /* end confdefs.h.  */
| #include <ac_nonexistent.h>
configure:16743: checking whether ln -s works
configure:16747: result: yes
configure:16754: checking whether make sets $(MAKE)
configure:16776: result: yes
configure:16789: checking for ANSI C header files
configure:16893: result: yes
configure:16904: checking for stdlib.h
configure:16904: result: yes
configure:16904: checking for string.h
configure:16904: result: yes
configure:16904: checking gmp.h usability
configure:16904: gcc -c -g -O2  conftest.c >&5
configure:16904: $? = 0
configure:16904: result: yes
configure:16904: checking gmp.h presence
configure:16904: gcc -E  conftest.c
configure:16904: $? = 0
configure:16904: result: yes
configure:16904: checking for gmp.h
configure:16904: result: yes
configure:16916: checking for an ANSI C-conforming const
configure:16982: gcc -c -g -O2  conftest.c >&5
configure:16982: $? = 0
configure:16989: result: yes
configure:16997: checking for size_t
configure:16997: gcc -c -g -O2  conftest.c >&5
configure:16997: $? = 0
configure:16997: gcc -c -g -O2  conftest.c >&5
conftest.c:63:21: error: expected expression
if (sizeof ((size_t)))
                    ^
1 error generated.
configure:16997: $? = 1
configure: failed program was:
| /* confdefs.h */
| #define PACKAGE_NAME "elipsbnbls12"
| #define PACKAGE_TARNAME "elipsbnbls12"
| #define PACKAGE_VERSION "1.0.1"
| #define PACKAGE_STRING "elipsbnbls12 1.0.1"
| #define PACKAGE_BUGREPORT ""
| #define PACKAGE_URL ""
| #define STDC_HEADERS 1
| #define HAVE_SYS_TYPES_H 1
| #define HAVE_SYS_STAT_H 1
| #define HAVE_STDLIB_H 1
| #define HAVE_STRING_H 1
| #define HAVE_MEMORY_H 1
| #define HAVE_STRINGS_H 1
| #define HAVE_INTTYPES_H 1
| #define HAVE_STDINT_H 1
| #define HAVE_UNISTD_H 1
| #define HAVE_DLFCN_H 1
| #define LT_OBJDIR ".libs/"
| #define PACKAGE "elipsbnbls12"
| #define VERSION "1.0.1"
| #define STDC_HEADERS 1
| #define HAVE_STDLIB_H 1
| #define HAVE_STRING_H 1
| #define HAVE_GMP_H 1
| /* end confdefs.h.  */
| #include <stdio.h>
| #ifdef HAVE_SYS_TYPES_H
| # include <sys/types.h>
| #endif
| #ifdef HAVE_SYS_STAT_H
| # include <sys/stat.h>
| #endif
| #ifdef STDC_HEADERS
| # include <stdlib.h>
| # include <stddef.h>
| #else
| # ifdef HAVE_STDLIB_H
| #  include <stdlib.h>
| # endif
| #endif
| #ifdef HAVE_STRING_H
| # if !defined STDC_HEADERS && defined HAVE_MEMORY_H
| #  include <memory.h>
| # endif
| # include <string.h>
| #endif
| #ifdef HAVE_STRINGS_H
| # include <strings.h>
| #endif
| #ifdef HAVE_INTTYPES_H
| # include <inttypes.h>
| #endif
| #ifdef HAVE_STDINT_H
| # include <stdint.h>
| #endif
| #ifdef HAVE_UNISTD_H
| # include <unistd.h>
| #endif
| int
| main ()
| {
| if (sizeof ((size_t)))
| 	    return 0;
|   ;
|   return 0;
| }
configure:16997: result: yes
configure:17012: checking size of char
configure:17017: gcc -o conftest -g -O2   conftest.c  >&5
configure:17017: $? = 0
configure:17017: ./conftest
configure:17017: $? = 0
configure:17031: result: 1
configure:17045: checking size of short int
configure:17050: gcc -o conftest -g -O2   conftest.c  >&5
configure:17050: $? = 0
configure:17050: ./conftest
configure:17050: $? = 0
configure:17064: result: 2
configure:17078: checking size of int
configure:17083: gcc -o conftest -g -O2   conftest.c  >&5
configure:17083: $? = 0
configure:17083: ./conftest
configure:17083: $? = 0
configure:17097: result: 4
configure:17111: checking size of long
configure:17116: gcc -o conftest -g -O2   conftest.c  >&5
configure:17116: $? = 0
configure:17116: ./conftest
configure:17116: $? = 0
configure:17130: result: 8
configure:17144: checking size of long long
configure:17149: gcc -o conftest -g -O2   conftest.c  >&5
configure:17149: $? = 0
configure:17149: ./conftest
configure:17149: $? = 0
configure:17163: result: 8
configure:17179: checking for stdlib.h
configure:17179: result: yes
configure:17189: checking for GNU libc compatible malloc
configure:17213: gcc -o conftest -g -O2   conftest.c  >&5
configure:17213: $? = 0
configure:17213: ./conftest
configure:17213: $? = 0
configure:17223: result: yes
configure:17244: checking for __gmpz_add in -lgmp
configure:17269: gcc -o conftest -g -O2   conftest.c -lgmp   >&5
configure:17269: $? = 0
configure:17278: result: yes
configure:17404: checking that generated files are newer than configure
configure:17410: result: done
configure:17437: creating ./config.status

## ---------------------- ##
## Running config.status. ##
## ---------------------- ##

This file was extended by elipsbnbls12 config.status 1.0.1, which was
generated by GNU Autoconf 2.69.  Invocation command line was

  CONFIG_FILES    = 
  CONFIG_HEADERS  = 
  CONFIG_LINKS    = 
  CONFIG_COMMANDS = 
  $ ./config.status 

on KhandakerMBP.local

config.status:1156: creating Makefile
config.status:1156: creating src/Makefile
config.status:1156: creating config.h
config.status:1385: executing libtool commands
config.status:1385: executing depfiles commands

## ---------------- ##
## Cache variables. ##
## ---------------- ##

ac_cv_build=x86_64-apple-darwin17.6.0
ac_cv_c_compiler_gnu=yes
ac_cv_c_const=yes
ac_cv_cxx_compiler_gnu=yes
ac_cv_env_CCC_set=
ac_cv_env_CCC_value=
ac_cv_env_CC_set=
ac_cv_env_CC_value=
ac_cv_env_CFLAGS_set=
ac_cv_env_CFLAGS_value=
ac_cv_env_CPPFLAGS_set=
ac_cv_env_CPPFLAGS_value=
ac_cv_env_CPP_set=
ac_cv_env_CPP_value=
ac_cv_env_CXXCPP_set=
ac_cv_env_CXXCPP_value=
ac_cv_env_CXXFLAGS_set=
ac_cv_env_CXXFLAGS_value=
ac_cv_env_CXX_set=
ac_cv_env_CXX_value=
ac_cv_env_LDFLAGS_set=
ac_cv_env_LDFLAGS_value=
ac_cv_env_LIBS_set=
ac_cv_env_LIBS_value=
ac_cv_env_LT_SYS_LIBRARY_PATH_set=
ac_cv_env_LT_SYS_LIBRARY_PATH_value=
ac_cv_env_build_alias_set=
ac_cv_env_build_alias_value=
ac_cv_env_host_alias_set=
ac_cv_env_host_alias_value=
ac_cv_env_target_alias_set=
ac_cv_env_target_alias_value=
ac_cv_func_malloc_0_nonnull=yes
ac_cv_header_dlfcn_h=yes
ac_cv_header_gmp_h=yes
ac_cv_header_inttypes_h=yes
ac_cv_header_memory_h=yes
ac_cv_header_stdc=yes
ac_cv_header_stdint_h=yes
ac_cv_header_stdlib_h=yes
ac_cv_header_string_h=yes
ac_cv_header_strings_h=yes
ac_cv_header_sys_stat_h=yes
ac_cv_header_sys_types_h=yes
ac_cv_header_unistd_h=yes
ac_cv_host=x86_64-apple-darwin17.6.0
ac_cv_lib_gmp___gmpz_add=yes
ac_cv_objext=o
ac_cv_path_EGREP='/usr/bin/grep -E'
ac_cv_path_FGREP='/usr/bin/grep -F'
ac_cv_path_GREP=/usr/bin/grep
ac_cv_path_SED=/usr/bin/sed
ac_cv_path_install='/usr/bin/install -c'
ac_cv_path_lt_DD=/bin/dd
ac_cv_prog_AWK=awk
ac_cv_prog_CPP='gcc -E'
ac_cv_prog_CXXCPP='g++ -E'
ac_cv_prog_ac_ct_AR=ar
ac_cv_prog_ac_ct_CC=gcc
ac_cv_prog_ac_ct_CXX=g++
ac_cv_prog_ac_ct_DSYMUTIL=dsymutil
ac_cv_prog_ac_ct_LIPO=lipo
ac_cv_prog_ac_ct_NMEDIT=nmedit
ac_cv_prog_ac_ct_OBJDUMP=objdump
ac_cv_prog_ac_ct_OTOOL=otool
ac_cv_prog_ac_ct_RANLIB=ranlib
ac_cv_prog_ac_ct_STRIP=strip
ac_cv_prog_cc_c89=
ac_cv_prog_cc_g=yes
ac_cv_prog_cxx_g=yes
ac_cv_prog_make_make_set=yes
ac_cv_sizeof_char=1
ac_cv_sizeof_int=4
ac_cv_sizeof_long=8
ac_cv_sizeof_long_long=8
ac_cv_sizeof_short_int=2
ac_cv_type_size_t=yes
am_cv_CC_dependencies_compiler_type=gcc3
am_cv_CXX_dependencies_compiler_type=gcc3
am_cv_make_support_nested_variables=yes
am_cv_prog_cc_c_o=yes
lt_cv_apple_cc_single_mod=yes
lt_cv_ar_at_file=no
lt_cv_deplibs_check_method=pass_all
lt_cv_file_magic_cmd='$MAGIC_CMD'
lt_cv_file_magic_test_file=
lt_cv_ld_exported_symbols_list=yes
lt_cv_ld_force_load=yes
lt_cv_ld_reload_flag=-r
lt_cv_nm_interface='BSD nm'
lt_cv_objdir=.libs
lt_cv_path_LD=/Applications/Xcode.app/Contents/Developer/Toolchains/XcodeDefault.xctoolchain/usr/bin/ld
lt_cv_path_LDCXX=/Applications/Xcode.app/Contents/Developer/Toolchains/XcodeDefault.xctoolchain/usr/bin/ld
lt_cv_path_NM='/usr/bin/nm -B'
lt_cv_path_mainfest_tool=no
lt_cv_prog_compiler_c_o=yes
lt_cv_prog_compiler_c_o_CXX=yes
lt_cv_prog_compiler_pic='-fno-common -DPIC'
lt_cv_prog_compiler_pic_CXX='-fno-common -DPIC'
lt_cv_prog_compiler_pic_works=yes
lt_cv_prog_compiler_pic_works_CXX=yes
lt_cv_prog_compiler_rtti_exceptions=yes
lt_cv_prog_compiler_static_works=no
lt_cv_prog_compiler_static_works_CXX=no
lt_cv_prog_gnu_ld=no
lt_cv_prog_gnu_ldcxx=no
lt_cv_sharedlib_from_linklib_cmd='printf %s\n'
lt_cv_sys_global_symbol_pipe='sed -n -e '\''s/^.*[	 ]\([BCDEGRST][BCDEGRST]*\)[	 ][	 ]*_\([_A-Za-z][_A-Za-z0-9]*\)$/\1 _\2 \2/p'\'' | sed '\''/ __gnu_lto/d'\'''
lt_cv_sys_global_symbol_to_c_name_address='sed -n -e '\''s/^: \(.*\) .*$/  {"\1", (void *) 0},/p'\'' -e '\''s/^[BCDEGRST][BCDEGRST]* .* \(.*\)$/  {"\1", (void *) \&\1},/p'\'''
lt_cv_sys_global_symbol_to_c_name_address_lib_prefix='sed -n -e '\''s/^: \(.*\) .*$/  {"\1", (void *) 0},/p'\'' -e '\''s/^[BCDEGRST][BCDEGRST]* .* \(lib.*\)$/  {"\1", (void *) \&\1},/p'\'' -e '\''s/^[BCDEGRST][BCDEGRST]* .* \(.*\)$/  {"lib\1", (void *) \&\1},/p'\'''
lt_cv_sys_global_symbol_to_cdecl='sed -n -e '\''s/^T .* \(.*\)$/extern int \1();/p'\'' -e '\''s/^[BCDEGRST][BCDEGRST]* .* \(.*\)$/extern char \1;/p'\'''
lt_cv_sys_global_symbol_to_import=
lt_cv_sys_max_cmd_len=196608
lt_cv_to_host_file_cmd=func_convert_file_noop
lt_cv_to_tool_file_cmd=func_convert_file_noop
lt_cv_truncate_bin='/bin/dd bs=4096 count=1'

## ----------------- ##
## Output variables. ##
## ----------------- ##

ACLOCAL='${SHELL} /Users/khandaker/Development/elips_bn_bls/missing aclocal-1.15'
AMDEPBACKSLASH='\'
AMDEP_FALSE='#'
AMDEP_TRUE=''
AMTAR='$${TAR-tar}'
AM_BACKSLASH='\'
AM_DEFAULT_V='$(AM_DEFAULT_VERBOSITY)'
AM_DEFAULT_VERBOSITY='1'
AM_V='$(V)'
AR='ar'
AUTOCONF='${SHELL} /Users/khandaker/Development/elips_bn_bls/missing autoconf'
AUTOHEADER='${SHELL} /Users/khandaker/Development/elips_bn_bls/missing autoheader'
AUTOMAKE='${SHELL} /Users/khandaker/Development/elips_bn_bls/missing automake-1.15'
AWK='awk'
CC='gcc'
CCDEPMODE='depmode=gcc3'
CFLAGS='-g -O2'
CPP='gcc -E'
CPPFLAGS=''
CXX='g++'
CXXCPP='g++ -E'
CXXDEPMODE='depmode=gcc3'
CXXFLAGS='-g -O2'
CYGPATH_W='echo'
DEFS='-DHAVE_CONFIG_H'
DEPDIR='.deps'
DLLTOOL='false'
DSYMUTIL='dsymutil'
DUMPBIN=''
ECHO_C='\c'
ECHO_N=''
ECHO_T=''
EGREP='/usr/bin/grep -E'
EXEEXT=''
FGREP='/usr/bin/grep -F'
GREP='/usr/bin/grep'
INSTALL_DATA='${INSTALL} -m 644'
INSTALL_PROGRAM='${INSTALL}'
INSTALL_SCRIPT='${INSTALL}'
INSTALL_STRIP_PROGRAM='$(install_sh) -c -s'
LD='/Applications/Xcode.app/Contents/Developer/Toolchains/XcodeDefault.xctoolchain/usr/bin/ld'
LDFLAGS=''
LIBOBJS=''
LIBS='-lgmp '
LIBTOOL='$(SHELL) $(top_builddir)/libtool'
LIPO='lipo'
LN_S='ln -s'
LTLIBOBJS=''
LT_SYS_LIBRARY_PATH=''
MAKEINFO='${SHELL} /Users/khandaker/Development/elips_bn_bls/missing makeinfo'
MANIFEST_TOOL=':'
MKDIR_P='./install-sh -c -d'
NM='/usr/bin/nm -B'
NMEDIT='nmedit'
OBJDUMP='objdump'
OBJEXT='o'
OTOOL64=':'
OTOOL='otool'
PACKAGE='elipsbnbls12'
PACKAGE_BUGREPORT=''
PACKAGE_NAME='elipsbnbls12'
PACKAGE_STRING='elipsbnbls12 1.0.1'
PACKAGE_TARNAME='elipsbnbls12'
PACKAGE_URL=''
PACKAGE_VERSION='1.0.1'
PATH_SEPARATOR=':'
RANLIB='ranlib'
SED='/usr/bin/sed'
SET_MAKE=''
SHELL='/bin/sh'
STRIP='strip'
VERSION='1.0.1'
ac_ct_AR='ar'
ac_ct_CC='gcc'
ac_ct_CXX='g++'
ac_ct_DUMPBIN=''
am__EXEEXT_FALSE=''
am__EXEEXT_TRUE='#'
am__fastdepCC_FALSE='#'
am__fastdepCC_TRUE=''
am__fastdepCXX_FALSE='#'
am__fastdepCXX_TRUE=''
am__include='include'
am__isrc=''
am__leading_dot='.'
am__nodep='_no'
am__quote=''
am__tar='$${TAR-tar} chof - "$$tardir"'
am__untar='$${TAR-tar} xf -'
bindir='${exec_prefix}/bin'
build='x86_64-apple-darwin17.6.0'
build_alias=''
build_cpu='x86_64'
build_os='darwin17.6.0'
build_vendor='apple'
datadir='${datarootdir}'
datarootdir='${prefix}/share'
docdir='${datarootdir}/doc/${PACKAGE_TARNAME}'
dvidir='${docdir}'
exec_prefix='${prefix}'
host='x86_64-apple-darwin17.6.0'
host_alias=''
host_cpu='x86_64'
host_os='darwin17.6.0'
host_vendor='apple'
htmldir='${docdir}'
includedir='${prefix}/include'
infodir='${datarootdir}/info'
install_sh='${SHELL} /Users/khandaker/Development/elips_bn_bls/install-sh'
libdir='${exec_prefix}/lib'
libexecdir='${exec_prefix}/libexec'
localedir='${datarootdir}/locale'
localstatedir='${prefix}/var'
mandir='${datarootdir}/man'
mkdir_p='$(MKDIR_P)'
oldincludedir='/usr/include'
pdfdir='${docdir}'
prefix='/usr/local'
program_transform_name='s,x,x,'
psdir='${docdir}'
sbindir='${exec_prefix}/sbin'
sharedstatedir='${prefix}/com'
sysconfdir='${prefix}/etc'
target_alias=''

## ----------- ##
## confdefs.h. ##
## ----------- ##

/* confdefs.h */
#define PACKAGE_NAME "elipsbnbls12"
#define PACKAGE_TARNAME "elipsbnbls12"
#define PACKAGE_VERSION "1.0.1"
#define PACKAGE_STRING "elipsbnbls12 1.0.1"
#define PACKAGE_BUGREPORT ""
#define PACKAGE_URL ""
#define STDC_HEADERS 1
#define HAVE_SYS_TYPES_H 1
#define HAVE_SYS_STAT_H 1
#define HAVE_STDLIB_H 1
#define HAVE_STRING_H 1
#define HAVE_MEMORY_H 1
#define HAVE_STRINGS_H 1
#define HAVE_INTTYPES_H 1
#define HAVE_STDINT_H 1
#define HAVE_UNISTD_H 1
#define HAVE_DLFCN_H 1
#define LT_OBJDIR ".libs/"
#define PACKAGE "elipsbnbls12"
#define VERSION "1.0.1"
#define STDC_HEADERS 1
#define HAVE_STDLIB_H 1
#define HAVE_STRING_H 1
#define HAVE_GMP_H 1
#define SIZEOF_CHAR 1
#define SIZEOF_SHORT_INT 2
#define SIZEOF_INT 4
#define SIZEOF_LONG 8
#define SIZEOF_LONG_LONG 8
#define HAVE_STDLIB_H 1
#define HAVE_MALLOC 1
#define HAVE_LIBGMP 1

configure: exit 0

## ---------------------- ##
## Running config.status. ##
## ---------------------- ##

This file was extended by elipsbnbls12 config.status 1.0.1, which was
generated by GNU Autoconf 2.69.  Invocation command line was

  CONFIG_FILES    = 
  CONFIG_HEADERS  = 
  CONFIG_LINKS    = 
  CONFIG_COMMANDS = 
  $ ./config.status config.h

on KhandakerMBP.local

config.status:1156: creating config.h
config.status:1337: config.h is unchanged
