\BOOKMARK [0][-]{chapter.1}{\376\377\0001\000\040\000M\000a\000i\000n\000\040\000P\000a\000g\000e}{}% 1
\BOOKMARK [1][-]{section.1.1}{\376\377\0001\000.\0001\000\040\000L\000i\000c\000e\000n\000s\000i\000n\000g}{chapter.1}% 2
\BOOKMARK [1][-]{section.1.2}{\376\377\0001\000.\0002\000\040\000D\000i\000s\000c\000l\000a\000i\000m\000e\000r}{chapter.1}% 3
\BOOKMARK [0][-]{chapter.2}{\376\377\0002\000\040\000E\000L\000i\000P\000S\000\040\000I\000n\000s\000t\000a\000l\000l\000a\000t\000i\000o\000n}{}% 4
\BOOKMARK [0][-]{chapter.3}{\376\377\0003\000\040\000M\000o\000d\000u\000l\000e\000\040\000I\000n\000d\000e\000x}{}% 5
\BOOKMARK [1][-]{section.3.1}{\376\377\0003\000.\0001\000\040\000M\000o\000d\000u\000l\000e\000s}{chapter.3}% 6
\BOOKMARK [0][-]{chapter.4}{\376\377\0004\000\040\000D\000a\000t\000a\000\040\000S\000t\000r\000u\000c\000t\000u\000r\000e\000\040\000I\000n\000d\000e\000x}{}% 7
\BOOKMARK [1][-]{section.4.1}{\376\377\0004\000.\0001\000\040\000D\000a\000t\000a\000\040\000S\000t\000r\000u\000c\000t\000u\000r\000e\000s}{chapter.4}% 8
\BOOKMARK [0][-]{chapter.5}{\376\377\0005\000\040\000F\000i\000l\000e\000\040\000I\000n\000d\000e\000x}{}% 9
\BOOKMARK [1][-]{section.5.1}{\376\377\0005\000.\0001\000\040\000F\000i\000l\000e\000\040\000L\000i\000s\000t}{chapter.5}% 10
\BOOKMARK [0][-]{chapter.6}{\376\377\0006\000\040\000M\000o\000d\000u\000l\000e\000\040\000D\000o\000c\000u\000m\000e\000n\000t\000a\000t\000i\000o\000n}{}% 11
\BOOKMARK [1][-]{section.6.1}{\376\377\0006\000.\0001\000\040\000P\000a\000r\000i\000n\000g\000\040\000o\000v\000e\000r\000\040\000B\000A\000R\000R\000E\000T\000O\000-\000L\000Y\000N\000N\000-\000S\000C\000O\000T\000T\000\040\000c\000u\000r\000v\000e\000\040\000o\000f\000\040\000e\000m\000b\000e\000d\000d\000i\000n\000g\000\040\000d\000e\000g\000r\000e\000e\000\040\0001\0002\000\040\000r\000e\000l\000a\000t\000e\000d\000\040\000f\000i\000l\000e\000s\000.}{chapter.6}% 12
\BOOKMARK [2][-]{subsection.6.1.1}{\376\377\0006\000.\0001\000.\0001\000\040\000D\000e\000t\000a\000i\000l\000e\000d\000\040\000D\000e\000s\000c\000r\000i\000p\000t\000i\000o\000n}{section.6.1}% 13
\BOOKMARK [1][-]{section.6.2}{\376\377\0006\000.\0002\000\040\000F\000i\000n\000i\000t\000e\000\040\000f\000i\000e\000l\000d\000\040\000c\000o\000n\000s\000t\000r\000u\000c\000t\000i\000o\000n}{chapter.6}% 14
\BOOKMARK [2][-]{subsection.6.2.1}{\376\377\0006\000.\0002\000.\0001\000\040\000D\000e\000t\000a\000i\000l\000e\000d\000\040\000D\000e\000s\000c\000r\000i\000p\000t\000i\000o\000n}{section.6.2}% 15
\BOOKMARK [1][-]{section.6.3}{\376\377\0006\000.\0003\000\040\000P\000a\000r\000i\000n\000g\000\040\000o\000v\000e\000r\000\040\000B\000A\000R\000R\000E\000T\000O\000-\000N\000A\000E\000H\000R\000I\000G\000\040\000\050\000B\000N\000\051\000\040\000C\000u\000r\000v\000e\000\040\000r\000e\000l\000a\000t\000e\000d\000\040\000f\000i\000l\000e\000s}{chapter.6}% 16
\BOOKMARK [2][-]{subsection.6.3.1}{\376\377\0006\000.\0003\000.\0001\000\040\000D\000e\000t\000a\000i\000l\000e\000d\000\040\000D\000e\000s\000c\000r\000i\000p\000t\000i\000o\000n}{section.6.3}% 17
\BOOKMARK [1][-]{section.6.4}{\376\377\0006\000.\0004\000\040\000C\000u\000r\000v\000e\000\040\000p\000a\000r\000a\000m\000e\000t\000e\000r\000\040\000g\000e\000n\000e\000r\000a\000t\000i\000o\000n\000\040\000a\000n\000d\000\040\000s\000e\000t\000t\000i\000n\000g\000s}{chapter.6}% 18
\BOOKMARK [2][-]{subsection.6.4.1}{\376\377\0006\000.\0004\000.\0001\000\040\000D\000e\000t\000a\000i\000l\000e\000d\000\040\000D\000e\000s\000c\000r\000i\000p\000t\000i\000o\000n}{section.6.4}% 19
\BOOKMARK [0][-]{chapter.7}{\376\377\0007\000\040\000D\000a\000t\000a\000\040\000S\000t\000r\000u\000c\000t\000u\000r\000e\000\040\000D\000o\000c\000u\000m\000e\000n\000t\000a\000t\000i\000o\000n}{}% 20
\BOOKMARK [1][-]{section.7.1}{\376\377\0007\000.\0001\000\040\000c\000u\000r\000v\000e\000\137\000p\000a\000r\000a\000m\000s\000\040\000S\000t\000r\000u\000c\000t\000\040\000R\000e\000f\000e\000r\000e\000n\000c\000e}{chapter.7}% 21
\BOOKMARK [2][-]{subsection.7.1.1}{\376\377\0007\000.\0001\000.\0001\000\040\000D\000e\000t\000a\000i\000l\000e\000d\000\040\000D\000e\000s\000c\000r\000i\000p\000t\000i\000o\000n}{section.7.1}% 22
\BOOKMARK [2][-]{subsection.7.1.2}{\376\377\0007\000.\0001\000.\0002\000\040\000F\000i\000e\000l\000d\000\040\000D\000o\000c\000u\000m\000e\000n\000t\000a\000t\000i\000o\000n}{section.7.1}% 23
\BOOKMARK [3][-]{subsubsection.7.1.2.1}{\376\377\0007\000.\0001\000.\0002\000.\0001\000\040\000c\000u\000r\000v\000e\000\137\000a}{subsection.7.1.2}% 24
\BOOKMARK [3][-]{subsubsection.7.1.2.2}{\376\377\0007\000.\0001\000.\0002\000.\0002\000\040\000c\000u\000r\000v\000e\000\137\000b}{subsection.7.1.2}% 25
\BOOKMARK [3][-]{subsubsection.7.1.2.3}{\376\377\0007\000.\0001\000.\0002\000.\0003\000\040\000E\000F\000p\0001\0002\000\137\000t\000o\000t\000a\000l}{subsection.7.1.2}% 26
\BOOKMARK [3][-]{subsubsection.7.1.2.4}{\376\377\0007\000.\0001\000.\0002\000.\0004\000\040\000E\000F\000p\0002\000\137\000t\000o\000t\000a\000l}{subsection.7.1.2}% 27
\BOOKMARK [3][-]{subsubsection.7.1.2.5}{\376\377\0007\000.\0001\000.\0002\000.\0005\000\040\000E\000F\000p\0006\000\137\000t\000o\000t\000a\000l}{subsection.7.1.2}% 28
\BOOKMARK [3][-]{subsubsection.7.1.2.6}{\376\377\0007\000.\0001\000.\0002\000.\0006\000\040\000E\000F\000p\000\137\000t\000o\000t\000a\000l}{subsection.7.1.2}% 29
\BOOKMARK [3][-]{subsubsection.7.1.2.7}{\376\377\0007\000.\0001\000.\0002\000.\0007\000\040\000E\000F\000p\000d\000\137\000t\000o\000t\000a\000l}{subsection.7.1.2}% 30
\BOOKMARK [3][-]{subsubsection.7.1.2.8}{\376\377\0007\000.\0001\000.\0002\000.\0008\000\040\000o\000r\000d\000e\000r}{subsection.7.1.2}% 31
\BOOKMARK [3][-]{subsubsection.7.1.2.9}{\376\377\0007\000.\0001\000.\0002\000.\0009\000\040\000p\000r\000i\000m\000e}{subsection.7.1.2}% 32
\BOOKMARK [3][-]{subsubsection.7.1.2.10}{\376\377\0007\000.\0001\000.\0002\000.\0001\0000\000\040\000t\000r\000a\000c\000e\000\137\000t}{subsection.7.1.2}% 33
\BOOKMARK [3][-]{subsubsection.7.1.2.11}{\376\377\0007\000.\0001\000.\0002\000.\0001\0001\000\040\000X}{subsection.7.1.2}% 34
\BOOKMARK [1][-]{section.7.2}{\376\377\0007\000.\0002\000\040\000E\000F\000p\000\040\000S\000t\000r\000u\000c\000t\000\040\000R\000e\000f\000e\000r\000e\000n\000c\000e}{chapter.7}% 35
\BOOKMARK [2][-]{subsection.7.2.1}{\376\377\0007\000.\0002\000.\0001\000\040\000F\000i\000e\000l\000d\000\040\000D\000o\000c\000u\000m\000e\000n\000t\000a\000t\000i\000o\000n}{section.7.2}% 36
\BOOKMARK [3][-]{subsubsection.7.2.1.1}{\376\377\0007\000.\0002\000.\0001\000.\0001\000\040\000i\000n\000f\000i\000n\000i\000t\000y}{subsection.7.2.1}% 37
\BOOKMARK [3][-]{subsubsection.7.2.1.2}{\376\377\0007\000.\0002\000.\0001\000.\0002\000\040\000y}{subsection.7.2.1}% 38
\BOOKMARK [1][-]{section.7.3}{\376\377\0007\000.\0003\000\040\000E\000F\000p\0001\0002\000\040\000S\000t\000r\000u\000c\000t\000\040\000R\000e\000f\000e\000r\000e\000n\000c\000e}{chapter.7}% 39
\BOOKMARK [1][-]{section.7.4}{\376\377\0007\000.\0004\000\040\000E\000F\000p\0001\0006\000\040\000S\000t\000r\000u\000c\000t\000\040\000R\000e\000f\000e\000r\000e\000n\000c\000e}{chapter.7}% 40
\BOOKMARK [1][-]{section.7.5}{\376\377\0007\000.\0005\000\040\000E\000F\000p\0002\000\040\000S\000t\000r\000u\000c\000t\000\040\000R\000e\000f\000e\000r\000e\000n\000c\000e}{chapter.7}% 41
\BOOKMARK [1][-]{section.7.6}{\376\377\0007\000.\0006\000\040\000E\000F\000p\0004\000\040\000S\000t\000r\000u\000c\000t\000\040\000R\000e\000f\000e\000r\000e\000n\000c\000e}{chapter.7}% 42
\BOOKMARK [1][-]{section.7.7}{\376\377\0007\000.\0007\000\040\000E\000F\000p\0006\000\040\000S\000t\000r\000u\000c\000t\000\040\000R\000e\000f\000e\000r\000e\000n\000c\000e}{chapter.7}% 43
\BOOKMARK [1][-]{section.7.8}{\376\377\0007\000.\0008\000\040\000E\000F\000p\0008\000\040\000S\000t\000r\000u\000c\000t\000\040\000R\000e\000f\000e\000r\000e\000n\000c\000e}{chapter.7}% 44
\BOOKMARK [1][-]{section.7.9}{\376\377\0007\000.\0009\000\040\000F\000p\000\040\000S\000t\000r\000u\000c\000t\000\040\000R\000e\000f\000e\000r\000e\000n\000c\000e}{chapter.7}% 45
\BOOKMARK [1][-]{section.7.10}{\376\377\0007\000.\0001\0000\000\040\000F\000p\0001\0002\000\040\000S\000t\000r\000u\000c\000t\000\040\000R\000e\000f\000e\000r\000e\000n\000c\000e}{chapter.7}% 46
\BOOKMARK [1][-]{section.7.11}{\376\377\0007\000.\0001\0001\000\040\000F\000p\0001\0006\000\040\000S\000t\000r\000u\000c\000t\000\040\000R\000e\000f\000e\000r\000e\000n\000c\000e}{chapter.7}% 47
\BOOKMARK [1][-]{section.7.12}{\376\377\0007\000.\0001\0002\000\040\000F\000p\0002\000\040\000S\000t\000r\000u\000c\000t\000\040\000R\000e\000f\000e\000r\000e\000n\000c\000e}{chapter.7}% 48
\BOOKMARK [1][-]{section.7.13}{\376\377\0007\000.\0001\0003\000\040\000F\000p\0004\000\040\000S\000t\000r\000u\000c\000t\000\040\000R\000e\000f\000e\000r\000e\000n\000c\000e}{chapter.7}% 49
\BOOKMARK [1][-]{section.7.14}{\376\377\0007\000.\0001\0004\000\040\000F\000p\0006\000\040\000S\000t\000r\000u\000c\000t\000\040\000R\000e\000f\000e\000r\000e\000n\000c\000e}{chapter.7}% 50
\BOOKMARK [1][-]{section.7.15}{\376\377\0007\000.\0001\0005\000\040\000F\000p\0008\000\040\000S\000t\000r\000u\000c\000t\000\040\000R\000e\000f\000e\000r\000e\000n\000c\000e}{chapter.7}% 51
\BOOKMARK [0][-]{chapter.8}{\376\377\0008\000\040\000F\000i\000l\000e\000\040\000D\000o\000c\000u\000m\000e\000n\000t\000a\000t\000i\000o\000n}{}% 52
\BOOKMARK [1][-]{section.8.1}{\376\377\0008\000.\0001\000\040\000i\000n\000c\000l\000u\000d\000e\000/\000E\000L\000i\000P\000S\000\137\000b\000n\000\137\000b\000l\000s\000/\000b\000l\000s\0001\0002\000\137\000f\000i\000n\000a\000l\000e\000x\000p\000.\000h\000\040\000F\000i\000l\000e\000\040\000R\000e\000f\000e\000r\000e\000n\000c\000e}{chapter.8}% 53
\BOOKMARK [1][-]{section.8.2}{\376\377\0008\000.\0002\000\040\000i\000n\000c\000l\000u\000d\000e\000/\000E\000L\000i\000P\000S\000\137\000b\000n\000\137\000b\000l\000s\000/\000b\000l\000s\0001\0002\000\137\000f\000r\000o\000b\000e\000n\000i\000u\000s\000.\000h\000\040\000F\000i\000l\000e\000\040\000R\000e\000f\000e\000r\000e\000n\000c\000e}{chapter.8}% 54
\BOOKMARK [2][-]{subsection.8.2.1}{\376\377\0008\000.\0002\000.\0001\000\040\000D\000e\000t\000a\000i\000l\000e\000d\000\040\000D\000e\000s\000c\000r\000i\000p\000t\000i\000o\000n}{section.8.2}% 55
\BOOKMARK [2][-]{subsection.8.2.2}{\376\377\0008\000.\0002\000.\0002\000\040\000F\000u\000n\000c\000t\000i\000o\000n\000\040\000D\000o\000c\000u\000m\000e\000n\000t\000a\000t\000i\000o\000n}{section.8.2}% 56
\BOOKMARK [3][-]{subsubsection.8.2.2.1}{\376\377\0008\000.\0002\000.\0002\000.\0001\000\040\000b\000l\000s\0001\0002\000\137\000F\000p\0001\0002\000\137\000f\000r\000o\000b\000e\000n\000i\000u\000s\000\137\000m\000a\000p\000\137\000p\0001\000\050\000\051}{subsection.8.2.2}% 57
\BOOKMARK [3][-]{subsubsection.8.2.2.2}{\376\377\0008\000.\0002\000.\0002\000.\0002\000\040\000b\000l\000s\0001\0002\000\137\000F\000p\0001\0002\000\137\000f\000r\000o\000b\000e\000n\000i\000u\000s\000\137\000m\000a\000p\000\137\000p\0001\0000\000\050\000\051}{subsection.8.2.2}% 58
\BOOKMARK [3][-]{subsubsection.8.2.2.3}{\376\377\0008\000.\0002\000.\0002\000.\0003\000\040\000b\000l\000s\0001\0002\000\137\000F\000p\0001\0002\000\137\000f\000r\000o\000b\000e\000n\000i\000u\000s\000\137\000m\000a\000p\000\137\000p\0002\000\050\000\051}{subsection.8.2.2}% 59
\BOOKMARK [3][-]{subsubsection.8.2.2.4}{\376\377\0008\000.\0002\000.\0002\000.\0004\000\040\000b\000l\000s\0001\0002\000\137\000F\000p\0001\0002\000\137\000f\000r\000o\000b\000e\000n\000i\000u\000s\000\137\000m\000a\000p\000\137\000p\0003\000\050\000\051}{subsection.8.2.2}% 60
\BOOKMARK [3][-]{subsubsection.8.2.2.5}{\376\377\0008\000.\0002\000.\0002\000.\0005\000\040\000b\000l\000s\0001\0002\000\137\000F\000p\0001\0002\000\137\000f\000r\000o\000b\000e\000n\000i\000u\000s\000\137\000m\000a\000p\000\137\000p\0004\000\050\000\051}{subsection.8.2.2}% 61
\BOOKMARK [3][-]{subsubsection.8.2.2.6}{\376\377\0008\000.\0002\000.\0002\000.\0006\000\040\000b\000l\000s\0001\0002\000\137\000F\000p\0001\0002\000\137\000f\000r\000o\000b\000e\000n\000i\000u\000s\000\137\000m\000a\000p\000\137\000p\0006\000\050\000\051}{subsection.8.2.2}% 62
\BOOKMARK [3][-]{subsubsection.8.2.2.7}{\376\377\0008\000.\0002\000.\0002\000.\0007\000\040\000b\000l\000s\0001\0002\000\137\000F\000p\0001\0002\000\137\000f\000r\000o\000b\000e\000n\000i\000u\000s\000\137\000m\000a\000p\000\137\000p\0008\000\050\000\051}{subsection.8.2.2}% 63
\BOOKMARK [1][-]{section.8.3}{\376\377\0008\000.\0003\000\040\000i\000n\000c\000l\000u\000d\000e\000/\000E\000L\000i\000P\000S\000\137\000b\000n\000\137\000b\000l\000s\000/\000b\000l\000s\0001\0002\000\137\000G\0003\000\137\000e\000x\000p\000.\000h\000\040\000F\000i\000l\000e\000\040\000R\000e\000f\000e\000r\000e\000n\000c\000e}{chapter.8}% 64
\BOOKMARK [2][-]{subsection.8.3.1}{\376\377\0008\000.\0003\000.\0001\000\040\000D\000e\000t\000a\000i\000l\000e\000d\000\040\000D\000e\000s\000c\000r\000i\000p\000t\000i\000o\000n}{section.8.3}% 65
\BOOKMARK [2][-]{subsection.8.3.2}{\376\377\0008\000.\0003\000.\0002\000\040\000F\000u\000n\000c\000t\000i\000o\000n\000\040\000D\000o\000c\000u\000m\000e\000n\000t\000a\000t\000i\000o\000n}{section.8.3}% 66
\BOOKMARK [3][-]{subsubsection.8.3.2.1}{\376\377\0008\000.\0003\000.\0002\000.\0001\000\040\000b\000l\000s\0001\0002\000\137\0002\000s\000p\000l\000i\000t\000\137\000G\0003\000\137\000e\000x\000p\000\050\000\051}{subsection.8.3.2}% 67
\BOOKMARK [3][-]{subsubsection.8.3.2.2}{\376\377\0008\000.\0003\000.\0002\000.\0002\000\040\000b\000l\000s\0001\0002\000\137\0004\000s\000p\000l\000i\000t\000\137\000G\0003\000\137\000e\000x\000p\000\050\000\051}{subsection.8.3.2}% 68
\BOOKMARK [3][-]{subsubsection.8.3.2.3}{\376\377\0008\000.\0003\000.\0002\000.\0003\000\040\000b\000l\000s\0001\0002\000\137\000p\000l\000a\000i\000n\000\137\000G\0003\000\137\000e\000x\000p\000\050\000\051}{subsection.8.3.2}% 69
\BOOKMARK [1][-]{section.8.4}{\376\377\0008\000.\0004\000\040\000i\000n\000c\000l\000u\000d\000e\000/\000E\000L\000i\000P\000S\000\137\000b\000n\000\137\000b\000l\000s\000/\000b\000l\000s\0001\0002\000\137\000g\000e\000n\000e\000r\000a\000t\000e\000\137\000p\000o\000i\000n\000t\000s\000.\000h\000\040\000F\000i\000l\000e\000\040\000R\000e\000f\000e\000r\000e\000n\000c\000e}{chapter.8}% 70
\BOOKMARK [2][-]{subsection.8.4.1}{\376\377\0008\000.\0004\000.\0001\000\040\000D\000e\000t\000a\000i\000l\000e\000d\000\040\000D\000e\000s\000c\000r\000i\000p\000t\000i\000o\000n}{section.8.4}% 71
\BOOKMARK [2][-]{subsection.8.4.2}{\376\377\0008\000.\0004\000.\0002\000\040\000F\000u\000n\000c\000t\000i\000o\000n\000\040\000D\000o\000c\000u\000m\000e\000n\000t\000a\000t\000i\000o\000n}{section.8.4}% 72
\BOOKMARK [3][-]{subsubsection.8.4.2.1}{\376\377\0008\000.\0004\000.\0002\000.\0001\000\040\000b\000l\000s\0001\0002\000\137\000g\000e\000n\000e\000r\000a\000t\000e\000\137\000G\0001\000\137\000p\000o\000i\000n\000t\000\050\000\051}{subsection.8.4.2}% 73
\BOOKMARK [3][-]{subsubsection.8.4.2.2}{\376\377\0008\000.\0004\000.\0002\000.\0002\000\040\000b\000l\000s\0001\0002\000\137\000g\000e\000n\000e\000r\000a\000t\000e\000\137\000G\0002\000\137\000p\000o\000i\000n\000t\000\050\000\051}{subsection.8.4.2}% 74
\BOOKMARK [3][-]{subsubsection.8.4.2.3}{\376\377\0008\000.\0004\000.\0002\000.\0003\000\040\000b\000l\000s\0001\0002\000\137\000g\000e\000n\000e\000r\000a\000t\000e\000\137\000r\000a\000n\000d\000o\000m\000\137\000p\000o\000i\000n\000t\000\050\000\051}{subsection.8.4.2}% 75
\BOOKMARK [1][-]{section.8.5}{\376\377\0008\000.\0005\000\040\000i\000n\000c\000l\000u\000d\000e\000/\000E\000L\000i\000P\000S\000\137\000b\000n\000\137\000b\000l\000s\000/\000b\000l\000s\0001\0002\000\137\000i\000n\000i\000t\000s\000.\000h\000\040\000F\000i\000l\000e\000\040\000R\000e\000f\000e\000r\000e\000n\000c\000e}{chapter.8}% 76
\BOOKMARK [2][-]{subsection.8.5.1}{\376\377\0008\000.\0005\000.\0001\000\040\000D\000e\000t\000a\000i\000l\000e\000d\000\040\000D\000e\000s\000c\000r\000i\000p\000t\000i\000o\000n}{section.8.5}% 77
\BOOKMARK [2][-]{subsection.8.5.2}{\376\377\0008\000.\0005\000.\0002\000\040\000F\000u\000n\000c\000t\000i\000o\000n\000\040\000D\000o\000c\000u\000m\000e\000n\000t\000a\000t\000i\000o\000n}{section.8.5}% 78
\BOOKMARK [3][-]{subsubsection.8.5.2.1}{\376\377\0008\000.\0005\000.\0002\000.\0001\000\040\000b\000l\000s\0001\0002\000\137\000i\000n\000i\000t\000s\000\050\000\051}{subsection.8.5.2}% 79
\BOOKMARK [1][-]{section.8.6}{\376\377\0008\000.\0006\000\040\000i\000n\000c\000l\000u\000d\000e\000/\000E\000L\000i\000P\000S\000\137\000b\000n\000\137\000b\000l\000s\000/\000b\000l\000s\0001\0002\000\137\000l\000i\000n\000e\000\137\000a\000t\000e\000.\000h\000\040\000F\000i\000l\000e\000\040\000R\000e\000f\000e\000r\000e\000n\000c\000e}{chapter.8}% 80
\BOOKMARK [2][-]{subsection.8.6.1}{\376\377\0008\000.\0006\000.\0001\000\040\000D\000e\000t\000a\000i\000l\000e\000d\000\040\000D\000e\000s\000c\000r\000i\000p\000t\000i\000o\000n}{section.8.6}% 81
\BOOKMARK [2][-]{subsection.8.6.2}{\376\377\0008\000.\0006\000.\0002\000\040\000F\000u\000n\000c\000t\000i\000o\000n\000\040\000D\000o\000c\000u\000m\000e\000n\000t\000a\000t\000i\000o\000n}{section.8.6}% 82
\BOOKMARK [3][-]{subsubsection.8.6.2.1}{\376\377\0008\000.\0006\000.\0002\000.\0001\000\040\000b\000l\000s\0001\0002\000\137\000f\000\137\000l\000t\000q\000\050\000\051}{subsection.8.6.2}% 83
\BOOKMARK [3][-]{subsubsection.8.6.2.2}{\376\377\0008\000.\0006\000.\0002\000.\0002\000\040\000b\000l\000s\0001\0002\000\137\000f\000f\000\137\000l\000t\000t\000\050\000\051}{subsection.8.6.2}% 84
\BOOKMARK [1][-]{section.8.7}{\376\377\0008\000.\0007\000\040\000i\000n\000c\000l\000u\000d\000e\000/\000E\000L\000i\000P\000S\000\137\000b\000n\000\137\000b\000l\000s\000/\000b\000l\000s\0001\0002\000\137\000l\000i\000n\000e\000\137\000t\000a\000t\000e\000.\000h\000\040\000F\000i\000l\000e\000\040\000R\000e\000f\000e\000r\000e\000n\000c\000e}{chapter.8}% 85
\BOOKMARK [2][-]{subsection.8.7.1}{\376\377\0008\000.\0007\000.\0001\000\040\000D\000e\000t\000a\000i\000l\000e\000d\000\040\000D\000e\000s\000c\000r\000i\000p\000t\000i\000o\000n}{section.8.7}% 86
\BOOKMARK [2][-]{subsection.8.7.2}{\376\377\0008\000.\0007\000.\0002\000\040\000F\000u\000n\000c\000t\000i\000o\000n\000\040\000D\000o\000c\000u\000m\000e\000n\000t\000a\000t\000i\000o\000n}{section.8.7}% 87
\BOOKMARK [3][-]{subsubsection.8.7.2.1}{\376\377\0008\000.\0007\000.\0002\000.\0001\000\040\000b\000l\000s\0001\0002\000\137\000f\000\137\000l\000t\000p\000\137\000v\000t\000p\000\137\000f\000o\000r\000\137\000t\000a\000t\000e\000\050\000\051}{subsection.8.7.2}% 88
\BOOKMARK [3][-]{subsubsection.8.7.2.2}{\376\377\0008\000.\0007\000.\0002\000.\0002\000\040\000b\000l\000s\0001\0002\000\137\000f\000f\000\137\000l\000t\000t\000\137\000v\000t\000t\000\137\000f\000o\000r\000\137\000t\000a\000t\000e\000\050\000\051}{subsection.8.7.2}% 89
\BOOKMARK [1][-]{section.8.8}{\376\377\0008\000.\0008\000\040\000i\000n\000c\000l\000u\000d\000e\000/\000E\000L\000i\000P\000S\000\137\000b\000n\000\137\000b\000l\000s\000/\000b\000l\000s\0001\0002\000\137\000m\000i\000l\000l\000e\000r\000\137\000a\000t\000e\000.\000h\000\040\000F\000i\000l\000e\000\040\000R\000e\000f\000e\000r\000e\000n\000c\000e}{chapter.8}% 90
\BOOKMARK [2][-]{subsection.8.8.1}{\376\377\0008\000.\0008\000.\0001\000\040\000D\000e\000t\000a\000i\000l\000e\000d\000\040\000D\000e\000s\000c\000r\000i\000p\000t\000i\000o\000n}{section.8.8}% 91
\BOOKMARK [2][-]{subsection.8.8.2}{\376\377\0008\000.\0008\000.\0002\000\040\000F\000u\000n\000c\000t\000i\000o\000n\000\040\000D\000o\000c\000u\000m\000e\000n\000t\000a\000t\000i\000o\000n}{section.8.8}% 92
\BOOKMARK [3][-]{subsubsection.8.8.2.1}{\376\377\0008\000.\0008\000.\0002\000.\0001\000\040\000b\000l\000s\0001\0002\000\137\000M\000i\000l\000l\000e\000r\000\137\000a\000l\000g\000o\000\137\000f\000o\000r\000\137\000p\000l\000a\000i\000n\000\137\000a\000t\000e\000\050\000\051}{subsection.8.8.2}% 93
\BOOKMARK [1][-]{section.8.9}{\376\377\0008\000.\0009\000\040\000i\000n\000c\000l\000u\000d\000e\000/\000E\000L\000i\000P\000S\000\137\000b\000n\000\137\000b\000l\000s\000/\000b\000l\000s\0001\0002\000\137\000m\000i\000l\000l\000e\000r\000\137\000o\000p\000t\000a\000t\000e\000.\000h\000\040\000F\000i\000l\000e\000\040\000R\000e\000f\000e\000r\000e\000n\000c\000e}{chapter.8}% 94
\BOOKMARK [2][-]{subsection.8.9.1}{\376\377\0008\000.\0009\000.\0001\000\040\000D\000e\000t\000a\000i\000l\000e\000d\000\040\000D\000e\000s\000c\000r\000i\000p\000t\000i\000o\000n}{section.8.9}% 95
\BOOKMARK [2][-]{subsection.8.9.2}{\376\377\0008\000.\0009\000.\0002\000\040\000F\000u\000n\000c\000t\000i\000o\000n\000\040\000D\000o\000c\000u\000m\000e\000n\000t\000a\000t\000i\000o\000n}{section.8.9}% 96
\BOOKMARK [3][-]{subsubsection.8.9.2.1}{\376\377\0008\000.\0009\000.\0002\000.\0001\000\040\000b\000l\000s\0001\0002\000\137\000M\000i\000l\000l\000e\000r\000\137\000a\000l\000g\000o\000\137\000f\000o\000r\000\137\000o\000p\000t\000\137\000a\000t\000e\000\050\000\051}{subsection.8.9.2}% 97
\BOOKMARK [1][-]{section.8.10}{\376\377\0008\000.\0001\0000\000\040\000i\000n\000c\000l\000u\000d\000e\000/\000E\000L\000i\000P\000S\000\137\000b\000n\000\137\000b\000l\000s\000/\000b\000l\000s\0001\0002\000\137\000m\000i\000l\000l\000e\000r\000\137\000t\000a\000t\000e\000.\000h\000\040\000F\000i\000l\000e\000\040\000R\000e\000f\000e\000r\000e\000n\000c\000e}{chapter.8}% 98
\BOOKMARK [2][-]{subsection.8.10.1}{\376\377\0008\000.\0001\0000\000.\0001\000\040\000D\000e\000t\000a\000i\000l\000e\000d\000\040\000D\000e\000s\000c\000r\000i\000p\000t\000i\000o\000n}{section.8.10}% 99
\BOOKMARK [2][-]{subsection.8.10.2}{\376\377\0008\000.\0001\0000\000.\0002\000\040\000F\000u\000n\000c\000t\000i\000o\000n\000\040\000D\000o\000c\000u\000m\000e\000n\000t\000a\000t\000i\000o\000n}{section.8.10}% 100
\BOOKMARK [3][-]{subsubsection.8.10.2.1}{\376\377\0008\000.\0001\0000\000.\0002\000.\0001\000\040\000b\000l\000s\0001\0002\000\137\000M\000i\000l\000l\000e\000r\000\137\000a\000l\000g\000o\000\137\000f\000o\000r\000\137\000t\000a\000t\000e\000\050\000\051}{subsection.8.10.2}% 101
\BOOKMARK [1][-]{section.8.11}{\376\377\0008\000.\0001\0001\000\040\000i\000n\000c\000l\000u\000d\000e\000/\000E\000L\000i\000P\000S\000\137\000b\000n\000\137\000b\000l\000s\000/\000b\000l\000s\0001\0002\000\137\000p\0008\000s\000p\000a\000r\000s\000e\000.\000h\000\040\000F\000i\000l\000e\000\040\000R\000e\000f\000e\000r\000e\000n\000c\000e}{chapter.8}% 102
\BOOKMARK [2][-]{subsection.8.11.1}{\376\377\0008\000.\0001\0001\000.\0001\000\040\000D\000e\000t\000a\000i\000l\000e\000d\000\040\000D\000e\000s\000c\000r\000i\000p\000t\000i\000o\000n}{section.8.11}% 103
\BOOKMARK [2][-]{subsection.8.11.2}{\376\377\0008\000.\0001\0001\000.\0002\000\040\000F\000u\000n\000c\000t\000i\000o\000n\000\040\000D\000o\000c\000u\000m\000e\000n\000t\000a\000t\000i\000o\000n}{section.8.11}% 104
\BOOKMARK [3][-]{subsubsection.8.11.2.1}{\376\377\0008\000.\0001\0001\000.\0002\000.\0001\000\040\000b\000l\000s\0001\0002\000\137\000P\000s\000e\000u\000d\000o\000\137\0008\000\137\000s\000p\000a\000r\000s\000e\000\137\000m\000a\000p\000p\000i\000n\000g\000\050\000\051}{subsection.8.11.2}% 105
\BOOKMARK [3][-]{subsubsection.8.11.2.2}{\376\377\0008\000.\0001\0001\000.\0002\000.\0002\000\040\000b\000l\000s\0001\0002\000\137\000P\000s\000e\000u\000d\000o\000\137\0008\000\137\000s\000p\000a\000r\000s\000e\000\137\000m\000u\000l\000\050\000\051}{subsection.8.11.2}% 106
\BOOKMARK [1][-]{section.8.12}{\376\377\0008\000.\0001\0002\000\040\000i\000n\000c\000l\000u\000d\000e\000/\000E\000L\000i\000P\000S\000\137\000b\000n\000\137\000b\000l\000s\000/\000b\000l\000s\0001\0002\000\137\000p\000a\000i\000r\000i\000n\000g\000s\000.\000h\000\040\000F\000i\000l\000e\000\040\000R\000e\000f\000e\000r\000e\000n\000c\000e}{chapter.8}% 107
\BOOKMARK [2][-]{subsection.8.12.1}{\376\377\0008\000.\0001\0002\000.\0001\000\040\000D\000e\000t\000a\000i\000l\000e\000d\000\040\000D\000e\000s\000c\000r\000i\000p\000t\000i\000o\000n}{section.8.12}% 108
\BOOKMARK [2][-]{subsection.8.12.2}{\376\377\0008\000.\0001\0002\000.\0002\000\040\000F\000u\000n\000c\000t\000i\000o\000n\000\040\000D\000o\000c\000u\000m\000e\000n\000t\000a\000t\000i\000o\000n}{section.8.12}% 109
\BOOKMARK [3][-]{subsubsection.8.12.2.1}{\376\377\0008\000.\0001\0002\000.\0002\000.\0001\000\040\000b\000l\000s\0001\0002\000\137\000o\000p\000t\000\137\000a\000t\000e\000\050\000\051}{subsection.8.12.2}% 110
\BOOKMARK [3][-]{subsubsection.8.12.2.2}{\376\377\0008\000.\0001\0002\000.\0002\000.\0002\000\040\000b\000l\000s\0001\0002\000\137\000p\000l\000a\000i\000n\000\137\000a\000t\000e\000\050\000\051}{subsection.8.12.2}% 111
\BOOKMARK [3][-]{subsubsection.8.12.2.3}{\376\377\0008\000.\0001\0002\000.\0002\000.\0003\000\040\000b\000l\000s\0001\0002\000\137\000t\000a\000t\000e\000\050\000\051}{subsection.8.12.2}% 112
\BOOKMARK [1][-]{section.8.13}{\376\377\0008\000.\0001\0003\000\040\000i\000n\000c\000l\000u\000d\000e\000/\000E\000L\000i\000P\000S\000\137\000b\000n\000\137\000b\000l\000s\000/\000b\000l\000s\0001\0002\000\137\000s\000c\000m\000.\000h\000\040\000F\000i\000l\000e\000\040\000R\000e\000f\000e\000r\000e\000n\000c\000e}{chapter.8}% 113
\BOOKMARK [2][-]{subsection.8.13.1}{\376\377\0008\000.\0001\0003\000.\0001\000\040\000D\000e\000t\000a\000i\000l\000e\000d\000\040\000D\000e\000s\000c\000r\000i\000p\000t\000i\000o\000n}{section.8.13}% 114
\BOOKMARK [2][-]{subsection.8.13.2}{\376\377\0008\000.\0001\0003\000.\0002\000\040\000F\000u\000n\000c\000t\000i\000o\000n\000\040\000D\000o\000c\000u\000m\000e\000n\000t\000a\000t\000i\000o\000n}{section.8.13}% 115
\BOOKMARK [3][-]{subsubsection.8.13.2.1}{\376\377\0008\000.\0001\0003\000.\0002\000.\0001\000\040\000b\000l\000s\0001\0002\000\137\0002\000s\000p\000l\000i\000t\000\137\000G\0001\000\137\000s\000c\000m\000\050\000\051}{subsection.8.13.2}% 116
\BOOKMARK [3][-]{subsubsection.8.13.2.2}{\376\377\0008\000.\0001\0003\000.\0002\000.\0002\000\040\000b\000l\000s\0001\0002\000\137\0002\000s\000p\000l\000i\000t\000\137\000G\0002\000\137\000s\000c\000m\000\050\000\051}{subsection.8.13.2}% 117
\BOOKMARK [3][-]{subsubsection.8.13.2.3}{\376\377\0008\000.\0001\0003\000.\0002\000.\0003\000\040\000b\000l\000s\0001\0002\000\137\0004\000s\000p\000l\000i\000t\000\137\000G\0002\000\137\000s\000c\000m\000\050\000\051}{subsection.8.13.2}% 118
\BOOKMARK [3][-]{subsubsection.8.13.2.4}{\376\377\0008\000.\0001\0003\000.\0002\000.\0004\000\040\000b\000l\000s\0001\0002\000\137\000p\000l\000a\000i\000n\000\137\000G\0001\000\137\000s\000c\000m\000\050\000\051}{subsection.8.13.2}% 119
\BOOKMARK [3][-]{subsubsection.8.13.2.5}{\376\377\0008\000.\0001\0003\000.\0002\000.\0005\000\040\000b\000l\000s\0001\0002\000\137\000p\000l\000a\000i\000n\000\137\000G\0002\000\137\000s\000c\000m\000\050\000\051}{subsection.8.13.2}% 120
\BOOKMARK [1][-]{section.8.14}{\376\377\0008\000.\0001\0004\000\040\000i\000n\000c\000l\000u\000d\000e\000/\000E\000L\000i\000P\000S\000\137\000b\000n\000\137\000b\000l\000s\000/\000b\000l\000s\0001\0002\000\137\000s\000k\000e\000w\000\137\000f\000r\000o\000b\000e\000n\000i\000u\000s\000.\000h\000\040\000F\000i\000l\000e\000\040\000R\000e\000f\000e\000r\000e\000n\000c\000e}{chapter.8}% 121
\BOOKMARK [2][-]{subsection.8.14.1}{\376\377\0008\000.\0001\0004\000.\0001\000\040\000D\000e\000t\000a\000i\000l\000e\000d\000\040\000D\000e\000s\000c\000r\000i\000p\000t\000i\000o\000n}{section.8.14}% 122
\BOOKMARK [2][-]{subsection.8.14.2}{\376\377\0008\000.\0001\0004\000.\0002\000\040\000F\000u\000n\000c\000t\000i\000o\000n\000\040\000D\000o\000c\000u\000m\000e\000n\000t\000a\000t\000i\000o\000n}{section.8.14}% 123
\BOOKMARK [3][-]{subsubsection.8.14.2.1}{\376\377\0008\000.\0001\0004\000.\0002\000.\0001\000\040\000b\000l\000s\0001\0002\000\137\000E\000F\000p\0002\000\137\000s\000k\000e\000w\000\137\000f\000r\000o\000b\000e\000n\000i\000u\000s\000\137\000m\000a\000p\000\137\000p\0001\000\050\000\051}{subsection.8.14.2}% 124
\BOOKMARK [3][-]{subsubsection.8.14.2.2}{\376\377\0008\000.\0001\0004\000.\0002\000.\0002\000\040\000b\000l\000s\0001\0002\000\137\000E\000F\000p\0002\000\137\000s\000k\000e\000w\000\137\000f\000r\000o\000b\000e\000n\000i\000u\000s\000\137\000m\000a\000p\000\137\000p\0001\0000\000\050\000\051}{subsection.8.14.2}% 125
\BOOKMARK [3][-]{subsubsection.8.14.2.3}{\376\377\0008\000.\0001\0004\000.\0002\000.\0003\000\040\000b\000l\000s\0001\0002\000\137\000E\000F\000p\0002\000\137\000s\000k\000e\000w\000\137\000f\000r\000o\000b\000e\000n\000i\000u\000s\000\137\000m\000a\000p\000\137\000p\0002\000\050\000\051}{subsection.8.14.2}% 126
\BOOKMARK [3][-]{subsubsection.8.14.2.4}{\376\377\0008\000.\0001\0004\000.\0002\000.\0004\000\040\000b\000l\000s\0001\0002\000\137\000E\000F\000p\0002\000\137\000s\000k\000e\000w\000\137\000f\000r\000o\000b\000e\000n\000i\000u\000s\000\137\000m\000a\000p\000\137\000p\0003\000\050\000\051}{subsection.8.14.2}% 127
\BOOKMARK [3][-]{subsubsection.8.14.2.5}{\376\377\0008\000.\0001\0004\000.\0002\000.\0005\000\040\000b\000l\000s\0001\0002\000\137\000E\000F\000p\000\137\000s\000k\000e\000w\000\137\000f\000r\000o\000b\000e\000n\000i\000u\000s\000\137\000m\000a\000p\000\137\000p\0002\000\050\000\051}{subsection.8.14.2}% 128
\BOOKMARK [1][-]{section.8.15}{\376\377\0008\000.\0001\0005\000\040\000i\000n\000c\000l\000u\000d\000e\000/\000E\000L\000i\000P\000S\000\137\000b\000n\000\137\000b\000l\000s\000/\000b\000l\000s\0001\0002\000\137\000t\000e\000s\000t\000\137\000p\000a\000i\000r\000i\000n\000g\000s\000.\000h\000\040\000F\000i\000l\000e\000\040\000R\000e\000f\000e\000r\000e\000n\000c\000e}{chapter.8}% 129
\BOOKMARK [2][-]{subsection.8.15.1}{\376\377\0008\000.\0001\0005\000.\0001\000\040\000D\000e\000t\000a\000i\000l\000e\000d\000\040\000D\000e\000s\000c\000r\000i\000p\000t\000i\000o\000n}{section.8.15}% 130
\BOOKMARK [2][-]{subsection.8.15.2}{\376\377\0008\000.\0001\0005\000.\0002\000\040\000F\000u\000n\000c\000t\000i\000o\000n\000\040\000D\000o\000c\000u\000m\000e\000n\000t\000a\000t\000i\000o\000n}{section.8.15}% 131
\BOOKMARK [3][-]{subsubsection.8.15.2.1}{\376\377\0008\000.\0001\0005\000.\0002\000.\0001\000\040\000b\000l\000s\0001\0002\000\137\000t\000e\000s\000t\000\137\000G\0001\000\137\000s\000c\000m\000\050\000\051}{subsection.8.15.2}% 132
\BOOKMARK [3][-]{subsubsection.8.15.2.2}{\376\377\0008\000.\0001\0005\000.\0002\000.\0002\000\040\000b\000l\000s\0001\0002\000\137\000t\000e\000s\000t\000\137\000G\0002\000\137\000s\000c\000m\000\050\000\051}{subsection.8.15.2}% 133
\BOOKMARK [3][-]{subsubsection.8.15.2.3}{\376\377\0008\000.\0001\0005\000.\0002\000.\0003\000\040\000b\000l\000s\0001\0002\000\137\000t\000e\000s\000t\000\137\000G\0003\000\137\000e\000x\000p\000\050\000\051}{subsection.8.15.2}% 134
\BOOKMARK [3][-]{subsubsection.8.15.2.4}{\376\377\0008\000.\0001\0005\000.\0002\000.\0004\000\040\000b\000l\000s\0001\0002\000\137\000t\000e\000s\000t\000\137\000o\000p\000t\000\137\000a\000t\000e\000\137\000p\000a\000i\000r\000i\000n\000g\000\050\000\051}{subsection.8.15.2}% 135
\BOOKMARK [3][-]{subsubsection.8.15.2.5}{\376\377\0008\000.\0001\0005\000.\0002\000.\0005\000\040\000b\000l\000s\0001\0002\000\137\000t\000e\000s\000t\000\137\000p\000l\000a\000i\000n\000\137\000a\000t\000e\000\137\000p\000a\000i\000r\000i\000n\000g\000\050\000\051}{subsection.8.15.2}% 136
\BOOKMARK [3][-]{subsubsection.8.15.2.6}{\376\377\0008\000.\0001\0005\000.\0002\000.\0006\000\040\000b\000l\000s\0001\0002\000\137\000t\000e\000s\000t\000\137\000t\000a\000t\000e\000\137\000p\000a\000i\000r\000i\000n\000g\000\050\000\051}{subsection.8.15.2}% 137
\BOOKMARK [1][-]{section.8.16}{\376\377\0008\000.\0001\0006\000\040\000i\000n\000c\000l\000u\000d\000e\000/\000E\000L\000i\000P\000S\000\137\000b\000n\000\137\000b\000l\000s\000/\000b\000l\000s\0001\0002\000\137\000t\000i\000m\000e\000p\000r\000i\000n\000t\000.\000h\000\040\000F\000i\000l\000e\000\040\000R\000e\000f\000e\000r\000e\000n\000c\000e}{chapter.8}% 138
\BOOKMARK [2][-]{subsection.8.16.1}{\376\377\0008\000.\0001\0006\000.\0001\000\040\000D\000e\000t\000a\000i\000l\000e\000d\000\040\000D\000e\000s\000c\000r\000i\000p\000t\000i\000o\000n}{section.8.16}% 139
\BOOKMARK [2][-]{subsection.8.16.2}{\376\377\0008\000.\0001\0006\000.\0002\000\040\000F\000u\000n\000c\000t\000i\000o\000n\000\040\000D\000o\000c\000u\000m\000e\000n\000t\000a\000t\000i\000o\000n}{section.8.16}% 140
\BOOKMARK [3][-]{subsubsection.8.16.2.1}{\376\377\0008\000.\0001\0006\000.\0002\000.\0001\000\040\000b\000l\000s\0001\0002\000\137\000p\000r\000i\000n\000t\000\137\0002\000s\000p\000l\000i\000t\000\137\000G\0001\000\137\000s\000c\000m\000\137\000t\000i\000m\000e\000\050\000\051}{subsection.8.16.2}% 141
\BOOKMARK [3][-]{subsubsection.8.16.2.2}{\376\377\0008\000.\0001\0006\000.\0002\000.\0002\000\040\000b\000l\000s\0001\0002\000\137\000p\000r\000i\000n\000t\000\137\0002\000s\000p\000l\000i\000t\000\137\000G\0002\000\137\000s\000c\000m\000\137\000t\000i\000m\000e\000\050\000\051}{subsection.8.16.2}% 142
\BOOKMARK [3][-]{subsubsection.8.16.2.3}{\376\377\0008\000.\0001\0006\000.\0002\000.\0003\000\040\000b\000l\000s\0001\0002\000\137\000p\000r\000i\000n\000t\000\137\0002\000s\000p\000l\000i\000t\000\137\000G\0003\000\137\000e\000x\000p\000\137\000t\000i\000m\000e\000\050\000\051}{subsection.8.16.2}% 143
\BOOKMARK [3][-]{subsubsection.8.16.2.4}{\376\377\0008\000.\0001\0006\000.\0002\000.\0004\000\040\000b\000l\000s\0001\0002\000\137\000p\000r\000i\000n\000t\000\137\0004\000s\000p\000l\000i\000t\000\137\000G\0002\000\137\000s\000c\000m\000\137\000t\000i\000m\000e\000\050\000\051}{subsection.8.16.2}% 144
\BOOKMARK [3][-]{subsubsection.8.16.2.5}{\376\377\0008\000.\0001\0006\000.\0002\000.\0005\000\040\000b\000l\000s\0001\0002\000\137\000p\000r\000i\000n\000t\000\137\0004\000s\000p\000l\000i\000t\000\137\000G\0003\000\137\000e\000x\000p\000\137\000t\000i\000m\000e\000\050\000\051}{subsection.8.16.2}% 145
\BOOKMARK [3][-]{subsubsection.8.16.2.6}{\376\377\0008\000.\0001\0006\000.\0002\000.\0006\000\040\000b\000l\000s\0001\0002\000\137\000p\000r\000i\000n\000t\000\137\000f\000i\000n\000a\000l\000\137\000e\000x\000p\000\137\000o\000p\000t\000i\000m\000a\000l\000\137\000t\000i\000m\000e\000\050\000\051}{subsection.8.16.2}% 146
\BOOKMARK [3][-]{subsubsection.8.16.2.7}{\376\377\0008\000.\0001\0006\000.\0002\000.\0007\000\040\000b\000l\000s\0001\0002\000\137\000p\000r\000i\000n\000t\000\137\000f\000i\000n\000a\000l\000\137\000e\000x\000p\000\137\000p\000l\000a\000i\000n\000\137\000t\000i\000m\000e\000\050\000\051}{subsection.8.16.2}% 147
\BOOKMARK [3][-]{subsubsection.8.16.2.8}{\376\377\0008\000.\0001\0006\000.\0002\000.\0008\000\040\000b\000l\000s\0001\0002\000\137\000p\000r\000i\000n\000t\000\137\000G\0001\000\137\000p\000o\000i\000n\000t\000\050\000\051}{subsection.8.16.2}% 148
\BOOKMARK [3][-]{subsubsection.8.16.2.9}{\376\377\0008\000.\0001\0006\000.\0002\000.\0009\000\040\000b\000l\000s\0001\0002\000\137\000p\000r\000i\000n\000t\000\137\000G\0002\000\137\000p\000o\000i\000n\000t\000\050\000\051}{subsection.8.16.2}% 149
\BOOKMARK [3][-]{subsubsection.8.16.2.10}{\376\377\0008\000.\0001\0006\000.\0002\000.\0001\0000\000\040\000b\000l\000s\0001\0002\000\137\000p\000r\000i\000n\000t\000\137\000o\000p\000t\000\137\000a\000t\000e\000\137\000t\000i\000m\000e\000\050\000\051}{subsection.8.16.2}% 150
\BOOKMARK [3][-]{subsubsection.8.16.2.11}{\376\377\0008\000.\0001\0006\000.\0002\000.\0001\0001\000\040\000b\000l\000s\0001\0002\000\137\000p\000r\000i\000n\000t\000\137\000p\000a\000r\000a\000m\000e\000t\000e\000r\000s\000\050\000\051}{subsection.8.16.2}% 151
\BOOKMARK [3][-]{subsubsection.8.16.2.12}{\376\377\0008\000.\0001\0006\000.\0002\000.\0001\0002\000\040\000b\000l\000s\0001\0002\000\137\000p\000r\000i\000n\000t\000\137\000p\000l\000a\000i\000n\000\137\000a\000t\000e\000\137\000t\000i\000m\000e\000\050\000\051}{subsection.8.16.2}% 152
\BOOKMARK [3][-]{subsubsection.8.16.2.13}{\376\377\0008\000.\0001\0006\000.\0002\000.\0001\0003\000\040\000b\000l\000s\0001\0002\000\137\000p\000r\000i\000n\000t\000\137\000p\000l\000a\000i\000n\000\137\000G\0001\000\137\000s\000c\000m\000\137\000t\000i\000m\000e\000\050\000\051}{subsection.8.16.2}% 153
\BOOKMARK [3][-]{subsubsection.8.16.2.14}{\376\377\0008\000.\0001\0006\000.\0002\000.\0001\0004\000\040\000b\000l\000s\0001\0002\000\137\000p\000r\000i\000n\000t\000\137\000p\000l\000a\000i\000n\000\137\000G\0002\000\137\000s\000c\000m\000\137\000t\000i\000m\000e\000\050\000\051}{subsection.8.16.2}% 154
\BOOKMARK [3][-]{subsubsection.8.16.2.15}{\376\377\0008\000.\0001\0006\000.\0002\000.\0001\0005\000\040\000b\000l\000s\0001\0002\000\137\000p\000r\000i\000n\000t\000\137\000p\000l\000a\000i\000n\000\137\000G\0003\000\137\000e\000x\000p\000\137\000t\000i\000m\000e\000\050\000\051}{subsection.8.16.2}% 155
\BOOKMARK [3][-]{subsubsection.8.16.2.16}{\376\377\0008\000.\0001\0006\000.\0002\000.\0001\0006\000\040\000b\000l\000s\0001\0002\000\137\000p\000r\000i\000n\000t\000\137\000t\000a\000t\000e\000\137\000t\000i\000m\000e\000\050\000\051}{subsection.8.16.2}% 156
\BOOKMARK [2][-]{subsection.8.16.3}{\376\377\0008\000.\0001\0006\000.\0003\000\040\000V\000a\000r\000i\000a\000b\000l\000e\000\040\000D\000o\000c\000u\000m\000e\000n\000t\000a\000t\000i\000o\000n}{section.8.16}% 157
\BOOKMARK [3][-]{subsubsection.8.16.3.1}{\376\377\0008\000.\0001\0006\000.\0003\000.\0001\000\040\000b\000l\000s\0001\0002\000\137\000M\000I\000L\000L\000E\000R\000\137\000T\000A\000T\000E}{subsection.8.16.3}% 158
\BOOKMARK [1][-]{section.8.17}{\376\377\0008\000.\0001\0007\000\040\000i\000n\000c\000l\000u\000d\000e\000/\000E\000L\000i\000P\000S\000\137\000b\000n\000\137\000b\000l\000s\000/\000b\000l\000s\0001\0002\000\137\000t\000w\000i\000s\000t\000.\000h\000\040\000F\000i\000l\000e\000\040\000R\000e\000f\000e\000r\000e\000n\000c\000e}{chapter.8}% 159
\BOOKMARK [2][-]{subsection.8.17.1}{\376\377\0008\000.\0001\0007\000.\0001\000\040\000D\000e\000t\000a\000i\000l\000e\000d\000\040\000D\000e\000s\000c\000r\000i\000p\000t\000i\000o\000n}{section.8.17}% 160
\BOOKMARK [2][-]{subsection.8.17.2}{\376\377\0008\000.\0001\0007\000.\0002\000\040\000F\000u\000n\000c\000t\000i\000o\000n\000\040\000D\000o\000c\000u\000m\000e\000n\000t\000a\000t\000i\000o\000n}{section.8.17}% 161
\BOOKMARK [3][-]{subsubsection.8.17.2.1}{\376\377\0008\000.\0001\0007\000.\0002\000.\0001\000\040\000b\000l\000s\0001\0002\000\137\000E\000F\000p\0001\0002\000\137\000t\000o\000\137\000E\000F\000p\000\050\000\051}{subsection.8.17.2}% 162
\BOOKMARK [3][-]{subsubsection.8.17.2.2}{\376\377\0008\000.\0001\0007\000.\0002\000.\0002\000\040\000b\000l\000s\0001\0002\000\137\000E\000F\000p\0001\0002\000\137\000t\000o\000\137\000E\000F\000p\0002\000\050\000\051}{subsection.8.17.2}% 163
\BOOKMARK [3][-]{subsubsection.8.17.2.3}{\376\377\0008\000.\0001\0007\000.\0002\000.\0003\000\040\000b\000l\000s\0001\0002\000\137\000E\000F\000p\0002\000\137\000t\000o\000\137\000E\000F\000p\0001\0002\000\050\000\051}{subsection.8.17.2}% 164
\BOOKMARK [3][-]{subsubsection.8.17.2.4}{\376\377\0008\000.\0001\0007\000.\0002\000.\0004\000\040\000b\000l\000s\0001\0002\000\137\000E\000F\000p\000\137\000t\000o\000\137\000E\000F\000p\0001\0002\000\050\000\051}{subsection.8.17.2}% 165
\BOOKMARK [1][-]{section.8.18}{\376\377\0008\000.\0001\0008\000\040\000i\000n\000c\000l\000u\000d\000e\000/\000E\000L\000i\000P\000S\000\137\000b\000n\000\137\000b\000l\000s\000/\000b\000n\000\137\000b\000l\000s\0001\0002\000\137\000p\000r\000e\000c\000o\000m\000s\000.\000h\000\040\000F\000i\000l\000e\000\040\000R\000e\000f\000e\000r\000e\000n\000c\000e}{chapter.8}% 166
\BOOKMARK [2][-]{subsection.8.18.1}{\376\377\0008\000.\0001\0008\000.\0001\000\040\000D\000e\000t\000a\000i\000l\000e\000d\000\040\000D\000e\000s\000c\000r\000i\000p\000t\000i\000o\000n}{section.8.18}% 167
\BOOKMARK [2][-]{subsection.8.18.2}{\376\377\0008\000.\0001\0008\000.\0002\000\040\000E\000n\000u\000m\000e\000r\000a\000t\000i\000o\000n\000\040\000T\000y\000p\000e\000\040\000D\000o\000c\000u\000m\000e\000n\000t\000a\000t\000i\000o\000n}{section.8.18}% 168
\BOOKMARK [3][-]{subsubsection.8.18.2.1}{\376\377\0008\000.\0001\0008\000.\0002\000.\0001\000\040\000s\000t\000a\000t\000e}{subsection.8.18.2}% 169
\BOOKMARK [2][-]{subsection.8.18.3}{\376\377\0008\000.\0001\0008\000.\0003\000\040\000F\000u\000n\000c\000t\000i\000o\000n\000\040\000D\000o\000c\000u\000m\000e\000n\000t\000a\000t\000i\000o\000n}{section.8.18}% 170
\BOOKMARK [3][-]{subsubsection.8.18.3.1}{\376\377\0008\000.\0001\0008\000.\0003\000.\0001\000\040\000g\000e\000t\000\137\000e\000p\000s\000i\000l\000o\000n\000\050\000\051}{subsection.8.18.3}% 171
\BOOKMARK [3][-]{subsubsection.8.18.3.2}{\376\377\0008\000.\0001\0008\000.\0003\000.\0002\000\040\000i\000n\000i\000t\000\137\000p\000r\000e\000c\000o\000m\000s\000\050\000\051}{subsection.8.18.3}% 172
\BOOKMARK [3][-]{subsubsection.8.18.3.3}{\376\377\0008\000.\0001\0008\000.\0003\000.\0003\000\040\000s\000e\000t\000\137\000b\000a\000s\000i\000s\000\050\000\051}{subsection.8.18.3}% 173
\BOOKMARK [3][-]{subsubsection.8.18.3.4}{\376\377\0008\000.\0001\0008\000.\0003\000.\0004\000\040\000s\000e\000t\000\137\000f\000r\000o\000b\000e\000n\000i\000u\000s\000\137\000c\000o\000n\000s\000t\000a\000n\000t\000\050\000\051}{subsection.8.18.3}% 174
\BOOKMARK [2][-]{subsection.8.18.4}{\376\377\0008\000.\0001\0008\000.\0004\000\040\000V\000a\000r\000i\000a\000b\000l\000e\000\040\000D\000o\000c\000u\000m\000e\000n\000t\000a\000t\000i\000o\000n}{section.8.18}% 175
\BOOKMARK [3][-]{subsubsection.8.18.4.1}{\376\377\0008\000.\0001\0008\000.\0004\000.\0001\000\040\000d\0001\0002\000\137\000f\000r\000o\000b\000e\000n\000i\000u\000s\000\137\000c\000o\000n\000s\000t\000a\000n\000t}{subsection.8.18.4}% 176
\BOOKMARK [3][-]{subsubsection.8.18.4.2}{\376\377\0008\000.\0001\0008\000.\0004\000.\0002\000\040\000d\0001\0002\000\137\000s\000k\000e\000w\000\137\000f\000r\000o\000b\000e\000n\000i\000u\000s\000\137\000c\000o\000n\000s\000t\000a\000n\000t}{subsection.8.18.4}% 177
\BOOKMARK [3][-]{subsubsection.8.18.4.3}{\376\377\0008\000.\0001\0008\000.\0004\000.\0003\000\040\000e\000p\000s\000i\000l\000o\000n\0001}{subsection.8.18.4}% 178
\BOOKMARK [3][-]{subsubsection.8.18.4.4}{\376\377\0008\000.\0001\0008\000.\0004\000.\0004\000\040\000F\000p\0002\000\137\000b\000a\000s\000i\000s}{subsection.8.18.4}% 179
\BOOKMARK [3][-]{subsubsection.8.18.4.5}{\376\377\0008\000.\0001\0008\000.\0004\000.\0005\000\040\000F\000p\0002\000\137\000b\000a\000s\000i\000s\000\137\000i\000n\000v}{subsection.8.18.4}% 180
\BOOKMARK [3][-]{subsubsection.8.18.4.6}{\376\377\0008\000.\0001\0008\000.\0004\000.\0006\000\040\000F\000p\0006\000\137\000b\000a\000s\000i\000s}{subsection.8.18.4}% 181
\BOOKMARK [3][-]{subsubsection.8.18.4.7}{\376\377\0008\000.\0001\0008\000.\0004\000.\0007\000\040\000F\000p\000\137\000b\000a\000s\000i\000s}{subsection.8.18.4}% 182
\BOOKMARK [1][-]{section.8.19}{\376\377\0008\000.\0001\0009\000\040\000i\000n\000c\000l\000u\000d\000e\000/\000E\000L\000i\000P\000S\000\137\000b\000n\000\137\000b\000l\000s\000/\000b\000n\000\137\000c\000l\000e\000a\000r\000s\000.\000h\000\040\000F\000i\000l\000e\000\040\000R\000e\000f\000e\000r\000e\000n\000c\000e}{chapter.8}% 183
\BOOKMARK [2][-]{subsection.8.19.1}{\376\377\0008\000.\0001\0009\000.\0001\000\040\000D\000e\000t\000a\000i\000l\000e\000d\000\040\000D\000e\000s\000c\000r\000i\000p\000t\000i\000o\000n}{section.8.19}% 184
\BOOKMARK [2][-]{subsection.8.19.2}{\376\377\0008\000.\0001\0009\000.\0002\000\040\000F\000u\000n\000c\000t\000i\000o\000n\000\040\000D\000o\000c\000u\000m\000e\000n\000t\000a\000t\000i\000o\000n}{section.8.19}% 185
\BOOKMARK [3][-]{subsubsection.8.19.2.1}{\376\377\0008\000.\0001\0009\000.\0002\000.\0001\000\040\000c\000l\000e\000a\000r\000\137\000p\000a\000r\000a\000m\000e\000t\000e\000r\000s\000\050\000\051}{subsection.8.19.2}% 186
\BOOKMARK [1][-]{section.8.20}{\376\377\0008\000.\0002\0000\000\040\000i\000n\000c\000l\000u\000d\000e\000/\000E\000L\000i\000P\000S\000\137\000b\000n\000\137\000b\000l\000s\000/\000b\000n\000\137\000e\000f\000p\000.\000h\000\040\000F\000i\000l\000e\000\040\000R\000e\000f\000e\000r\000e\000n\000c\000e}{chapter.8}% 187
\BOOKMARK [2][-]{subsection.8.20.1}{\376\377\0008\000.\0002\0000\000.\0001\000\040\000D\000e\000t\000a\000i\000l\000e\000d\000\040\000D\000e\000s\000c\000r\000i\000p\000t\000i\000o\000n}{section.8.20}% 188
\BOOKMARK [2][-]{subsection.8.20.2}{\376\377\0008\000.\0002\0000\000.\0002\000\040\000F\000u\000n\000c\000t\000i\000o\000n\000\040\000D\000o\000c\000u\000m\000e\000n\000t\000a\000t\000i\000o\000n}{section.8.20}% 189
\BOOKMARK [3][-]{subsubsection.8.20.2.1}{\376\377\0008\000.\0002\0000\000.\0002\000.\0001\000\040\000E\000F\000p\000\137\000c\000l\000e\000a\000r\000\050\000\051}{subsection.8.20.2}% 190
\BOOKMARK [3][-]{subsubsection.8.20.2.2}{\376\377\0008\000.\0002\0000\000.\0002\000.\0002\000\040\000E\000F\000p\000\137\000E\000C\000A\000\050\000\051}{subsection.8.20.2}% 191
\BOOKMARK [3][-]{subsubsection.8.20.2.3}{\376\377\0008\000.\0002\0000\000.\0002\000.\0003\000\040\000E\000F\000p\000\137\000E\000C\000D\000\050\000\051}{subsection.8.20.2}% 192
\BOOKMARK [3][-]{subsubsection.8.20.2.4}{\376\377\0008\000.\0002\0000\000.\0002\000.\0004\000\040\000E\000F\000p\000\137\000i\000n\000i\000t\000\050\000\051}{subsection.8.20.2}% 193
\BOOKMARK [3][-]{subsubsection.8.20.2.5}{\376\377\0008\000.\0002\0000\000.\0002\000.\0005\000\040\000E\000F\000p\000\137\000p\000r\000i\000n\000t\000f\000\050\000\051}{subsection.8.20.2}% 194
\BOOKMARK [3][-]{subsubsection.8.20.2.6}{\376\377\0008\000.\0002\0000\000.\0002\000.\0006\000\040\000E\000F\000p\000\137\000r\000a\000t\000i\000o\000n\000a\000l\000\137\000p\000o\000i\000n\000t\000\137\000b\000l\000s\0001\0002\000\050\000\051}{subsection.8.20.2}% 195
\BOOKMARK [3][-]{subsubsection.8.20.2.7}{\376\377\0008\000.\0002\0000\000.\0002\000.\0007\000\040\000E\000F\000p\000\137\000r\000a\000t\000i\000o\000n\000a\000l\000\137\000p\000o\000i\000n\000t\000\137\000b\000n\000\050\000\051}{subsection.8.20.2}% 196
\BOOKMARK [3][-]{subsubsection.8.20.2.8}{\376\377\0008\000.\0002\0000\000.\0002\000.\0008\000\040\000E\000F\000p\000\137\000S\000C\000M\000\050\000\051}{subsection.8.20.2}% 197
\BOOKMARK [3][-]{subsubsection.8.20.2.9}{\376\377\0008\000.\0002\0000\000.\0002\000.\0009\000\040\000E\000F\000p\000\137\000s\000e\000t\000\050\000\051}{subsection.8.20.2}% 198
\BOOKMARK [3][-]{subsubsection.8.20.2.10}{\376\377\0008\000.\0002\0000\000.\0002\000.\0001\0000\000\040\000E\000F\000p\000\137\000s\000e\000t\000\137\000m\000p\000z\000\050\000\051}{subsection.8.20.2}% 199
\BOOKMARK [3][-]{subsubsection.8.20.2.11}{\376\377\0008\000.\0002\0000\000.\0002\000.\0001\0001\000\040\000E\000F\000p\000\137\000s\000e\000t\000\137\000n\000e\000g\000\050\000\051}{subsection.8.20.2}% 200
\BOOKMARK [3][-]{subsubsection.8.20.2.12}{\376\377\0008\000.\0002\0000\000.\0002\000.\0001\0002\000\040\000E\000F\000p\000\137\000s\000e\000t\000\137\000u\000i\000\050\000\051}{subsection.8.20.2}% 201
\BOOKMARK [1][-]{section.8.21}{\376\377\0008\000.\0002\0001\000\040\000i\000n\000c\000l\000u\000d\000e\000/\000E\000L\000i\000P\000S\000\137\000b\000n\000\137\000b\000l\000s\000/\000b\000n\000\137\000e\000f\000p\0001\0002\000.\000h\000\040\000F\000i\000l\000e\000\040\000R\000e\000f\000e\000r\000e\000n\000c\000e}{chapter.8}% 202
\BOOKMARK [2][-]{subsection.8.21.1}{\376\377\0008\000.\0002\0001\000.\0001\000\040\000D\000e\000t\000a\000i\000l\000e\000d\000\040\000D\000e\000s\000c\000r\000i\000p\000t\000i\000o\000n}{section.8.21}% 203
\BOOKMARK [2][-]{subsection.8.21.2}{\376\377\0008\000.\0002\0001\000.\0002\000\040\000F\000u\000n\000c\000t\000i\000o\000n\000\040\000D\000o\000c\000u\000m\000e\000n\000t\000a\000t\000i\000o\000n}{section.8.21}% 204
\BOOKMARK [3][-]{subsubsection.8.21.2.1}{\376\377\0008\000.\0002\0001\000.\0002\000.\0001\000\040\000E\000F\000p\0001\0002\000\137\000c\000l\000e\000a\000r\000\050\000\051}{subsection.8.21.2}% 205
\BOOKMARK [3][-]{subsubsection.8.21.2.2}{\376\377\0008\000.\0002\0001\000.\0002\000.\0002\000\040\000E\000F\000p\0001\0002\000\137\000E\000C\000A\000\050\000\051}{subsection.8.21.2}% 206
\BOOKMARK [3][-]{subsubsection.8.21.2.3}{\376\377\0008\000.\0002\0001\000.\0002\000.\0003\000\040\000E\000F\000p\0001\0002\000\137\000E\000C\000D\000\050\000\051}{subsection.8.21.2}% 207
\BOOKMARK [3][-]{subsubsection.8.21.2.4}{\376\377\0008\000.\0002\0001\000.\0002\000.\0004\000\040\000E\000F\000p\0001\0002\000\137\000i\000n\000i\000t\000\050\000\051}{subsection.8.21.2}% 208
\BOOKMARK [3][-]{subsubsection.8.21.2.5}{\376\377\0008\000.\0002\0001\000.\0002\000.\0005\000\040\000E\000F\000p\0001\0002\000\137\000p\000r\000i\000n\000t\000f\000\050\000\051}{subsection.8.21.2}% 209
\BOOKMARK [3][-]{subsubsection.8.21.2.6}{\376\377\0008\000.\0002\0001\000.\0002\000.\0006\000\040\000E\000F\000p\0001\0002\000\137\000r\000a\000t\000i\000o\000n\000a\000l\000\137\000p\000o\000i\000n\000t\000\137\000b\000l\000s\0001\0002\000\050\000\051}{subsection.8.21.2}% 210
\BOOKMARK [3][-]{subsubsection.8.21.2.7}{\376\377\0008\000.\0002\0001\000.\0002\000.\0007\000\040\000E\000F\000p\0001\0002\000\137\000r\000a\000t\000i\000o\000n\000a\000l\000\137\000p\000o\000i\000n\000t\000\137\000b\000n\000\050\000\051}{subsection.8.21.2}% 211
\BOOKMARK [3][-]{subsubsection.8.21.2.8}{\376\377\0008\000.\0002\0001\000.\0002\000.\0008\000\040\000E\000F\000p\0001\0002\000\137\000S\000C\000M\000\050\000\051}{subsection.8.21.2}% 212
\BOOKMARK [3][-]{subsubsection.8.21.2.9}{\376\377\0008\000.\0002\0001\000.\0002\000.\0009\000\040\000E\000F\000p\0001\0002\000\137\000s\000e\000t\000\050\000\051}{subsection.8.21.2}% 213
\BOOKMARK [3][-]{subsubsection.8.21.2.10}{\376\377\0008\000.\0002\0001\000.\0002\000.\0001\0000\000\040\000E\000F\000p\0001\0002\000\137\000s\000e\000t\000\137\000m\000p\000z\000\050\000\051}{subsection.8.21.2}% 214
\BOOKMARK [3][-]{subsubsection.8.21.2.11}{\376\377\0008\000.\0002\0001\000.\0002\000.\0001\0001\000\040\000E\000F\000p\0001\0002\000\137\000s\000e\000t\000\137\000n\000e\000g\000\050\000\051}{subsection.8.21.2}% 215
\BOOKMARK [3][-]{subsubsection.8.21.2.12}{\376\377\0008\000.\0002\0001\000.\0002\000.\0001\0002\000\040\000E\000F\000p\0001\0002\000\137\000s\000e\000t\000\137\000u\000i\000\050\000\051}{subsection.8.21.2}% 216
\BOOKMARK [1][-]{section.8.22}{\376\377\0008\000.\0002\0002\000\040\000i\000n\000c\000l\000u\000d\000e\000/\000E\000L\000i\000P\000S\000\137\000b\000n\000\137\000b\000l\000s\000/\000b\000n\000\137\000e\000f\000p\0002\000.\000h\000\040\000F\000i\000l\000e\000\040\000R\000e\000f\000e\000r\000e\000n\000c\000e}{chapter.8}% 217
\BOOKMARK [2][-]{subsection.8.22.1}{\376\377\0008\000.\0002\0002\000.\0001\000\040\000D\000e\000t\000a\000i\000l\000e\000d\000\040\000D\000e\000s\000c\000r\000i\000p\000t\000i\000o\000n}{section.8.22}% 218
\BOOKMARK [2][-]{subsection.8.22.2}{\376\377\0008\000.\0002\0002\000.\0002\000\040\000F\000u\000n\000c\000t\000i\000o\000n\000\040\000D\000o\000c\000u\000m\000e\000n\000t\000a\000t\000i\000o\000n}{section.8.22}% 219
\BOOKMARK [3][-]{subsubsection.8.22.2.1}{\376\377\0008\000.\0002\0002\000.\0002\000.\0001\000\040\000E\000F\000p\0002\000\137\000c\000l\000e\000a\000r\000\050\000\051}{subsection.8.22.2}% 220
\BOOKMARK [3][-]{subsubsection.8.22.2.2}{\376\377\0008\000.\0002\0002\000.\0002\000.\0002\000\040\000E\000F\000p\0002\000\137\000E\000C\000A\000\050\000\051}{subsection.8.22.2}% 221
\BOOKMARK [3][-]{subsubsection.8.22.2.3}{\376\377\0008\000.\0002\0002\000.\0002\000.\0003\000\040\000E\000F\000p\0002\000\137\000E\000C\000D\000\050\000\051}{subsection.8.22.2}% 222
\BOOKMARK [3][-]{subsubsection.8.22.2.4}{\376\377\0008\000.\0002\0002\000.\0002\000.\0004\000\040\000E\000F\000p\0002\000\137\000i\000n\000i\000t\000\050\000\051}{subsection.8.22.2}% 223
\BOOKMARK [3][-]{subsubsection.8.22.2.5}{\376\377\0008\000.\0002\0002\000.\0002\000.\0005\000\040\000E\000F\000p\0002\000\137\000p\000r\000i\000n\000t\000f\000\050\000\051}{subsection.8.22.2}% 224
\BOOKMARK [3][-]{subsubsection.8.22.2.6}{\376\377\0008\000.\0002\0002\000.\0002\000.\0006\000\040\000E\000F\000p\0002\000\137\000r\000a\000t\000i\000o\000n\000a\000l\000\137\000p\000o\000i\000n\000t\000\050\000\051}{subsection.8.22.2}% 225
\BOOKMARK [3][-]{subsubsection.8.22.2.7}{\376\377\0008\000.\0002\0002\000.\0002\000.\0007\000\040\000E\000F\000p\0002\000\137\000S\000C\000M\000\050\000\051}{subsection.8.22.2}% 226
\BOOKMARK [3][-]{subsubsection.8.22.2.8}{\376\377\0008\000.\0002\0002\000.\0002\000.\0008\000\040\000E\000F\000p\0002\000\137\000s\000e\000t\000\050\000\051}{subsection.8.22.2}% 227
\BOOKMARK [3][-]{subsubsection.8.22.2.9}{\376\377\0008\000.\0002\0002\000.\0002\000.\0009\000\040\000E\000F\000p\0002\000\137\000s\000e\000t\000\137\000m\000p\000z\000\050\000\051}{subsection.8.22.2}% 228
\BOOKMARK [3][-]{subsubsection.8.22.2.10}{\376\377\0008\000.\0002\0002\000.\0002\000.\0001\0000\000\040\000E\000F\000p\0002\000\137\000s\000e\000t\000\137\000n\000e\000g\000\050\000\051}{subsection.8.22.2}% 229
\BOOKMARK [3][-]{subsubsection.8.22.2.11}{\376\377\0008\000.\0002\0002\000.\0002\000.\0001\0001\000\040\000E\000F\000p\0002\000\137\000s\000e\000t\000\137\000u\000i\000\050\000\051}{subsection.8.22.2}% 230
\BOOKMARK [1][-]{section.8.23}{\376\377\0008\000.\0002\0003\000\040\000i\000n\000c\000l\000u\000d\000e\000/\000E\000L\000i\000P\000S\000\137\000b\000n\000\137\000b\000l\000s\000/\000b\000n\000\137\000e\000f\000p\0006\000.\000h\000\040\000F\000i\000l\000e\000\040\000R\000e\000f\000e\000r\000e\000n\000c\000e}{chapter.8}% 231
\BOOKMARK [2][-]{subsection.8.23.1}{\376\377\0008\000.\0002\0003\000.\0001\000\040\000D\000e\000t\000a\000i\000l\000e\000d\000\040\000D\000e\000s\000c\000r\000i\000p\000t\000i\000o\000n}{section.8.23}% 232
\BOOKMARK [2][-]{subsection.8.23.2}{\376\377\0008\000.\0002\0003\000.\0002\000\040\000F\000u\000n\000c\000t\000i\000o\000n\000\040\000D\000o\000c\000u\000m\000e\000n\000t\000a\000t\000i\000o\000n}{section.8.23}% 233
\BOOKMARK [3][-]{subsubsection.8.23.2.1}{\376\377\0008\000.\0002\0003\000.\0002\000.\0001\000\040\000E\000F\000p\0006\000\137\000c\000l\000e\000a\000r\000\050\000\051}{subsection.8.23.2}% 234
\BOOKMARK [3][-]{subsubsection.8.23.2.2}{\376\377\0008\000.\0002\0003\000.\0002\000.\0002\000\040\000E\000F\000p\0006\000\137\000E\000C\000A\000\050\000\051}{subsection.8.23.2}% 235
\BOOKMARK [3][-]{subsubsection.8.23.2.3}{\376\377\0008\000.\0002\0003\000.\0002\000.\0003\000\040\000E\000F\000p\0006\000\137\000E\000C\000D\000\050\000\051}{subsection.8.23.2}% 236
\BOOKMARK [3][-]{subsubsection.8.23.2.4}{\376\377\0008\000.\0002\0003\000.\0002\000.\0004\000\040\000E\000F\000p\0006\000\137\000i\000n\000i\000t\000\050\000\051}{subsection.8.23.2}% 237
\BOOKMARK [3][-]{subsubsection.8.23.2.5}{\376\377\0008\000.\0002\0003\000.\0002\000.\0005\000\040\000E\000F\000p\0006\000\137\000p\000r\000i\000n\000t\000f\000\050\000\051}{subsection.8.23.2}% 238
\BOOKMARK [3][-]{subsubsection.8.23.2.6}{\376\377\0008\000.\0002\0003\000.\0002\000.\0006\000\040\000E\000F\000p\0006\000\137\000r\000a\000t\000i\000o\000n\000a\000l\000\137\000p\000o\000i\000n\000t\000\050\000\051}{subsection.8.23.2}% 239
\BOOKMARK [3][-]{subsubsection.8.23.2.7}{\376\377\0008\000.\0002\0003\000.\0002\000.\0007\000\040\000E\000F\000p\0006\000\137\000S\000C\000M\000\050\000\051}{subsection.8.23.2}% 240
\BOOKMARK [3][-]{subsubsection.8.23.2.8}{\376\377\0008\000.\0002\0003\000.\0002\000.\0008\000\040\000E\000F\000p\0006\000\137\000s\000e\000t\000\050\000\051}{subsection.8.23.2}% 241
\BOOKMARK [3][-]{subsubsection.8.23.2.9}{\376\377\0008\000.\0002\0003\000.\0002\000.\0009\000\040\000E\000F\000p\0006\000\137\000s\000e\000t\000\137\000m\000p\000z\000\050\000\051}{subsection.8.23.2}% 242
\BOOKMARK [3][-]{subsubsection.8.23.2.10}{\376\377\0008\000.\0002\0003\000.\0002\000.\0001\0000\000\040\000E\000F\000p\0006\000\137\000s\000e\000t\000\137\000n\000e\000g\000\050\000\051}{subsection.8.23.2}% 243
\BOOKMARK [3][-]{subsubsection.8.23.2.11}{\376\377\0008\000.\0002\0003\000.\0002\000.\0001\0001\000\040\000E\000F\000p\0006\000\137\000s\000e\000t\000\137\000u\000i\000\050\000\051}{subsection.8.23.2}% 244
\BOOKMARK [1][-]{section.8.24}{\376\377\0008\000.\0002\0004\000\040\000i\000n\000c\000l\000u\000d\000e\000/\000E\000L\000i\000P\000S\000\137\000b\000n\000\137\000b\000l\000s\000/\000b\000n\000\137\000f\000i\000n\000a\000l\000\137\000e\000x\000p\000.\000h\000\040\000F\000i\000l\000e\000\040\000R\000e\000f\000e\000r\000e\000n\000c\000e}{chapter.8}% 245
\BOOKMARK [2][-]{subsection.8.24.1}{\376\377\0008\000.\0002\0004\000.\0001\000\040\000D\000e\000t\000a\000i\000l\000e\000d\000\040\000D\000e\000s\000c\000r\000i\000p\000t\000i\000o\000n}{section.8.24}% 246
\BOOKMARK [2][-]{subsection.8.24.2}{\376\377\0008\000.\0002\0004\000.\0002\000\040\000F\000u\000n\000c\000t\000i\000o\000n\000\040\000D\000o\000c\000u\000m\000e\000n\000t\000a\000t\000i\000o\000n}{section.8.24}% 247
\BOOKMARK [3][-]{subsubsection.8.24.2.1}{\376\377\0008\000.\0002\0004\000.\0002\000.\0001\000\040\000b\000n\000\137\000f\000i\000n\000a\000l\000\137\000e\000x\000p\000\137\000o\000p\000t\000i\000m\000a\000l\000\050\000\051}{subsection.8.24.2}% 248
\BOOKMARK [3][-]{subsubsection.8.24.2.2}{\376\377\0008\000.\0002\0004\000.\0002\000.\0002\000\040\000b\000n\000\137\000f\000i\000n\000a\000l\000\137\000e\000x\000p\000\137\000p\000l\000a\000i\000n\000\050\000\051}{subsection.8.24.2}% 249
\BOOKMARK [3][-]{subsubsection.8.24.2.3}{\376\377\0008\000.\0002\0004\000.\0002\000.\0003\000\040\000b\000n\000\137\000f\000p\0001\0002\000\137\000p\000o\000w\000e\000r\000\137\000m\000o\000t\000h\000e\000r\000p\000a\000r\000a\000m\000\050\000\051}{subsection.8.24.2}% 250
\BOOKMARK [1][-]{section.8.25}{\376\377\0008\000.\0002\0005\000\040\000i\000n\000c\000l\000u\000d\000e\000/\000E\000L\000i\000P\000S\000\137\000b\000n\000\137\000b\000l\000s\000/\000b\000n\000\137\000f\000p\000.\000h\000\040\000F\000i\000l\000e\000\040\000R\000e\000f\000e\000r\000e\000n\000c\000e}{chapter.8}% 251
\BOOKMARK [2][-]{subsection.8.25.1}{\376\377\0008\000.\0002\0005\000.\0001\000\040\000D\000e\000t\000a\000i\000l\000e\000d\000\040\000D\000e\000s\000c\000r\000i\000p\000t\000i\000o\000n}{section.8.25}% 252
\BOOKMARK [2][-]{subsection.8.25.2}{\376\377\0008\000.\0002\0005\000.\0002\000\040\000F\000u\000n\000c\000t\000i\000o\000n\000\040\000D\000o\000c\000u\000m\000e\000n\000t\000a\000t\000i\000o\000n}{section.8.25}% 253
\BOOKMARK [3][-]{subsubsection.8.25.2.1}{\376\377\0008\000.\0002\0005\000.\0002\000.\0001\000\040\000F\000p\000\137\000a\000d\000d\000\050\000\051}{subsection.8.25.2}% 254
\BOOKMARK [3][-]{subsubsection.8.25.2.2}{\376\377\0008\000.\0002\0005\000.\0002\000.\0002\000\040\000F\000p\000\137\000a\000d\000d\000\137\000m\000p\000z\000\050\000\051}{subsection.8.25.2}% 255
\BOOKMARK [3][-]{subsubsection.8.25.2.3}{\376\377\0008\000.\0002\0005\000.\0002\000.\0003\000\040\000F\000p\000\137\000a\000d\000d\000\137\000u\000i\000\050\000\051}{subsection.8.25.2}% 256
\BOOKMARK [3][-]{subsubsection.8.25.2.4}{\376\377\0008\000.\0002\0005\000.\0002\000.\0004\000\040\000F\000p\000\137\000c\000l\000e\000a\000r\000\050\000\051}{subsection.8.25.2}% 257
\BOOKMARK [3][-]{subsubsection.8.25.2.5}{\376\377\0008\000.\0002\0005\000.\0002\000.\0005\000\040\000F\000p\000\137\000c\000m\000p\000\050\000\051}{subsection.8.25.2}% 258
\BOOKMARK [3][-]{subsubsection.8.25.2.6}{\376\377\0008\000.\0002\0005\000.\0002\000.\0006\000\040\000F\000p\000\137\000c\000m\000p\000\137\000m\000p\000z\000\050\000\051}{subsection.8.25.2}% 259
\BOOKMARK [3][-]{subsubsection.8.25.2.7}{\376\377\0008\000.\0002\0005\000.\0002\000.\0007\000\040\000F\000p\000\137\000c\000m\000p\000\137\000o\000n\000e\000\050\000\051}{subsection.8.25.2}% 260
\BOOKMARK [3][-]{subsubsection.8.25.2.8}{\376\377\0008\000.\0002\0005\000.\0002\000.\0008\000\040\000F\000p\000\137\000c\000m\000p\000\137\000u\000i\000\050\000\051}{subsection.8.25.2}% 261
\BOOKMARK [3][-]{subsubsection.8.25.2.9}{\376\377\0008\000.\0002\0005\000.\0002\000.\0009\000\040\000F\000p\000\137\000c\000m\000p\000\137\000z\000e\000r\000o\000\050\000\051}{subsection.8.25.2}% 262
\BOOKMARK [3][-]{subsubsection.8.25.2.10}{\376\377\0008\000.\0002\0005\000.\0002\000.\0001\0000\000\040\000F\000p\000\137\000i\000n\000i\000t\000\050\000\051}{subsection.8.25.2}% 263
\BOOKMARK [3][-]{subsubsection.8.25.2.11}{\376\377\0008\000.\0002\0005\000.\0002\000.\0001\0001\000\040\000F\000p\000\137\000i\000n\000v\000\050\000\051}{subsection.8.25.2}% 264
\BOOKMARK [3][-]{subsubsection.8.25.2.12}{\376\377\0008\000.\0002\0005\000.\0002\000.\0001\0002\000\040\000F\000p\000\137\000i\000s\000C\000N\000R\000\050\000\051}{subsection.8.25.2}% 265
\BOOKMARK [3][-]{subsubsection.8.25.2.13}{\376\377\0008\000.\0002\0005\000.\0002\000.\0001\0003\000\040\000F\000p\000\137\000l\000e\000g\000e\000n\000d\000r\000e\000\050\000\051}{subsection.8.25.2}% 266
\BOOKMARK [3][-]{subsubsection.8.25.2.14}{\376\377\0008\000.\0002\0005\000.\0002\000.\0001\0004\000\040\000F\000p\000\137\000m\000u\000l\000\050\000\051}{subsection.8.25.2}% 267
\BOOKMARK [3][-]{subsubsection.8.25.2.15}{\376\377\0008\000.\0002\0005\000.\0002\000.\0001\0005\000\040\000F\000p\000\137\000m\000u\000l\000\137\000b\000a\000s\000i\000s\000\050\000\051}{subsection.8.25.2}% 268
\BOOKMARK [3][-]{subsubsection.8.25.2.16}{\376\377\0008\000.\0002\0005\000.\0002\000.\0001\0006\000\040\000F\000p\000\137\000m\000u\000l\000\137\000b\000a\000s\000i\000s\000\137\000K\000S\000S\0001\0006\000\050\000\051}{subsection.8.25.2}% 269
\BOOKMARK [3][-]{subsubsection.8.25.2.17}{\376\377\0008\000.\0002\0005\000.\0002\000.\0001\0007\000\040\000F\000p\000\137\000m\000u\000l\000\137\000m\000p\000z\000\050\000\051}{subsection.8.25.2}% 270
\BOOKMARK [3][-]{subsubsection.8.25.2.18}{\376\377\0008\000.\0002\0005\000.\0002\000.\0001\0008\000\040\000F\000p\000\137\000m\000u\000l\000\137\000u\000i\000\050\000\051}{subsection.8.25.2}% 271
\BOOKMARK [3][-]{subsubsection.8.25.2.19}{\376\377\0008\000.\0002\0005\000.\0002\000.\0001\0009\000\040\000F\000p\000\137\000n\000e\000g\000\050\000\051}{subsection.8.25.2}% 272
\BOOKMARK [3][-]{subsubsection.8.25.2.20}{\376\377\0008\000.\0002\0005\000.\0002\000.\0002\0000\000\040\000F\000p\000\137\000p\000o\000w\000\050\000\051}{subsection.8.25.2}% 273
\BOOKMARK [3][-]{subsubsection.8.25.2.21}{\376\377\0008\000.\0002\0005\000.\0002\000.\0002\0001\000\040\000F\000p\000\137\000p\000r\000i\000n\000t\000f\000\050\000\051}{subsection.8.25.2}% 274
\BOOKMARK [3][-]{subsubsection.8.25.2.22}{\376\377\0008\000.\0002\0005\000.\0002\000.\0002\0002\000\040\000F\000p\000\137\000s\000e\000t\000\050\000\051}{subsection.8.25.2}% 275
\BOOKMARK [3][-]{subsubsection.8.25.2.23}{\376\377\0008\000.\0002\0005\000.\0002\000.\0002\0003\000\040\000F\000p\000\137\000s\000e\000t\000\137\000m\000p\000z\000\050\000\051}{subsection.8.25.2}% 276
\BOOKMARK [3][-]{subsubsection.8.25.2.24}{\376\377\0008\000.\0002\0005\000.\0002\000.\0002\0004\000\040\000F\000p\000\137\000s\000e\000t\000\137\000n\000e\000g\000\050\000\051}{subsection.8.25.2}% 277
\BOOKMARK [3][-]{subsubsection.8.25.2.25}{\376\377\0008\000.\0002\0005\000.\0002\000.\0002\0005\000\040\000F\000p\000\137\000s\000e\000t\000\137\000r\000a\000n\000d\000o\000m\000\050\000\051}{subsection.8.25.2}% 278
\BOOKMARK [3][-]{subsubsection.8.25.2.26}{\376\377\0008\000.\0002\0005\000.\0002\000.\0002\0006\000\040\000F\000p\000\137\000s\000e\000t\000\137\000u\000i\000\050\000\051}{subsection.8.25.2}% 279
\BOOKMARK [3][-]{subsubsection.8.25.2.27}{\376\377\0008\000.\0002\0005\000.\0002\000.\0002\0007\000\040\000F\000p\000\137\000s\000q\000r\000t\000\050\000\051}{subsection.8.25.2}% 280
\BOOKMARK [3][-]{subsubsection.8.25.2.28}{\376\377\0008\000.\0002\0005\000.\0002\000.\0002\0008\000\040\000F\000p\000\137\000s\000u\000b\000\050\000\051}{subsection.8.25.2}% 281
\BOOKMARK [3][-]{subsubsection.8.25.2.29}{\376\377\0008\000.\0002\0005\000.\0002\000.\0002\0009\000\040\000F\000p\000\137\000s\000u\000b\000\137\000m\000p\000z\000\050\000\051}{subsection.8.25.2}% 282
\BOOKMARK [3][-]{subsubsection.8.25.2.30}{\376\377\0008\000.\0002\0005\000.\0002\000.\0003\0000\000\040\000F\000p\000\137\000s\000u\000b\000\137\000u\000i\000\050\000\051}{subsection.8.25.2}% 283
\BOOKMARK [1][-]{section.8.26}{\376\377\0008\000.\0002\0006\000\040\000i\000n\000c\000l\000u\000d\000e\000/\000E\000L\000i\000P\000S\000\137\000b\000n\000\137\000b\000l\000s\000/\000b\000n\000\137\000i\000n\000i\000t\000s\000.\000h\000\040\000F\000i\000l\000e\000\040\000R\000e\000f\000e\000r\000e\000n\000c\000e}{chapter.8}% 284
\BOOKMARK [2][-]{subsection.8.26.1}{\376\377\0008\000.\0002\0006\000.\0001\000\040\000D\000e\000t\000a\000i\000l\000e\000d\000\040\000D\000e\000s\000c\000r\000i\000p\000t\000i\000o\000n}{section.8.26}% 285
\BOOKMARK [2][-]{subsection.8.26.2}{\376\377\0008\000.\0002\0006\000.\0002\000\040\000F\000u\000n\000c\000t\000i\000o\000n\000\040\000D\000o\000c\000u\000m\000e\000n\000t\000a\000t\000i\000o\000n}{section.8.26}% 286
\BOOKMARK [3][-]{subsubsection.8.26.2.1}{\376\377\0008\000.\0002\0006\000.\0002\000.\0001\000\040\000i\000n\000i\000t\000\137\000b\000n\000\050\000\051}{subsection.8.26.2}% 287
\BOOKMARK [1][-]{section.8.27}{\376\377\0008\000.\0002\0007\000\040\000i\000n\000c\000l\000u\000d\000e\000/\000E\000L\000i\000P\000S\000\137\000b\000n\000\137\000b\000l\000s\000/\000C\000o\000m\000m\000o\000n\000t\000\137\000h\000e\000a\000d\000e\000r\000s\000.\000h\000\040\000F\000i\000l\000e\000\040\000R\000e\000f\000e\000r\000e\000n\000c\000e}{chapter.8}% 288
\BOOKMARK [2][-]{subsection.8.27.1}{\376\377\0008\000.\0002\0007\000.\0001\000\040\000D\000e\000t\000a\000i\000l\000e\000d\000\040\000D\000e\000s\000c\000r\000i\000p\000t\000i\000o\000n}{section.8.27}% 289
\BOOKMARK [1][-]{section.8.28}{\376\377\0008\000.\0002\0008\000\040\000i\000n\000c\000l\000u\000d\000e\000/\000E\000L\000i\000P\000S\000\137\000b\000n\000\137\000b\000l\000s\000/\000c\000u\000r\000v\000e\000\137\000d\000t\000y\000p\000e\000s\000.\000h\000\040\000F\000i\000l\000e\000\040\000R\000e\000f\000e\000r\000e\000n\000c\000e}{chapter.8}% 290
\BOOKMARK [2][-]{subsection.8.28.1}{\376\377\0008\000.\0002\0008\000.\0001\000\040\000D\000e\000t\000a\000i\000l\000e\000d\000\040\000D\000e\000s\000c\000r\000i\000p\000t\000i\000o\000n}{section.8.28}% 291
\BOOKMARK [2][-]{subsection.8.28.2}{\376\377\0008\000.\0002\0008\000.\0002\000\040\000T\000y\000p\000e\000d\000e\000f\000\040\000D\000o\000c\000u\000m\000e\000n\000t\000a\000t\000i\000o\000n}{section.8.28}% 292
\BOOKMARK [3][-]{subsubsection.8.28.2.1}{\376\377\0008\000.\0002\0008\000.\0002\000.\0001\000\040\000E\000F\000p}{subsection.8.28.2}% 293
\BOOKMARK [3][-]{subsubsection.8.28.2.2}{\376\377\0008\000.\0002\0008\000.\0002\000.\0002\000\040\000E\000F\000p\0001\0002}{subsection.8.28.2}% 294
\BOOKMARK [3][-]{subsubsection.8.28.2.3}{\376\377\0008\000.\0002\0008\000.\0002\000.\0003\000\040\000E\000F\000p\0002}{subsection.8.28.2}% 295
\BOOKMARK [3][-]{subsubsection.8.28.2.4}{\376\377\0008\000.\0002\0008\000.\0002\000.\0004\000\040\000E\000F\000p\0006}{subsection.8.28.2}% 296
\BOOKMARK [1][-]{section.8.29}{\376\377\0008\000.\0002\0009\000\040\000i\000n\000c\000l\000u\000d\000e\000/\000E\000L\000i\000P\000S\000\137\000b\000n\000\137\000b\000l\000s\000/\000c\000u\000r\000v\000e\000\137\000s\000e\000t\000t\000i\000n\000g\000s\000.\000h\000\040\000F\000i\000l\000e\000\040\000R\000e\000f\000e\000r\000e\000n\000c\000e}{chapter.8}% 297
\BOOKMARK [2][-]{subsection.8.29.1}{\376\377\0008\000.\0002\0009\000.\0001\000\040\000D\000e\000t\000a\000i\000l\000e\000d\000\040\000D\000e\000s\000c\000r\000i\000p\000t\000i\000o\000n}{section.8.29}% 298
\BOOKMARK [2][-]{subsection.8.29.2}{\376\377\0008\000.\0002\0009\000.\0002\000\040\000M\000a\000c\000r\000o\000\040\000D\000e\000f\000i\000n\000i\000t\000i\000o\000n\000\040\000D\000o\000c\000u\000m\000e\000n\000t\000a\000t\000i\000o\000n}{section.8.29}% 299
\BOOKMARK [3][-]{subsubsection.8.29.2.1}{\376\377\0008\000.\0002\0009\000.\0002\000.\0001\000\040\000b\000n\000\137\000X\000\137\000l\000e\000n\000g\000t\000h}{subsection.8.29.2}% 300
\BOOKMARK [2][-]{subsection.8.29.3}{\376\377\0008\000.\0002\0009\000.\0003\000\040\000F\000u\000n\000c\000t\000i\000o\000n\000\040\000D\000o\000c\000u\000m\000e\000n\000t\000a\000t\000i\000o\000n}{section.8.29}% 301
\BOOKMARK [3][-]{subsubsection.8.29.3.1}{\376\377\0008\000.\0002\0009\000.\0003\000.\0001\000\040\000b\000l\000s\0001\0002\000\137\000g\000e\000n\000e\000r\000a\000t\000e\000\137\000o\000r\000d\000e\000r\000\050\000\051}{subsection.8.29.3}% 302
\BOOKMARK [3][-]{subsubsection.8.29.3.2}{\376\377\0008\000.\0002\0009\000.\0003\000.\0002\000\040\000b\000l\000s\0001\0002\000\137\000g\000e\000n\000e\000r\000a\000t\000e\000\137\000p\000r\000i\000m\000e\000\050\000\051}{subsection.8.29.3}% 303
\BOOKMARK [3][-]{subsubsection.8.29.3.3}{\376\377\0008\000.\0002\0009\000.\0003\000.\0003\000\040\000b\000l\000s\0001\0002\000\137\000g\000e\000n\000e\000r\000a\000t\000e\000\137\000t\000r\000a\000c\000e\000\050\000\051}{subsection.8.29.3}% 304
\BOOKMARK [3][-]{subsubsection.8.29.3.4}{\376\377\0008\000.\0002\0009\000.\0003\000.\0004\000\040\000b\000l\000s\0001\0002\000\137\000g\000e\000n\000e\000r\000a\000t\000e\000\137\000X\000\050\000\051}{subsection.8.29.3}% 305
\BOOKMARK [3][-]{subsubsection.8.29.3.5}{\376\377\0008\000.\0002\0009\000.\0003\000.\0005\000\040\000b\000l\000s\0001\0002\000\137\000p\000r\000i\000n\000t\000\137\000p\000a\000r\000a\000m\000e\000t\000e\000r\000s\000\050\000\051}{subsection.8.29.3}% 306
\BOOKMARK [3][-]{subsubsection.8.29.3.6}{\376\377\0008\000.\0002\0009\000.\0003\000.\0006\000\040\000b\000l\000s\0001\0002\000\137\000s\000e\000t\000\137\000c\000u\000r\000v\000e\000\137\000p\000a\000r\000a\000m\000e\000t\000e\000r\000\050\000\051}{subsection.8.29.3}% 307
\BOOKMARK [3][-]{subsubsection.8.29.3.7}{\376\377\0008\000.\0002\0009\000.\0003\000.\0007\000\040\000b\000l\000s\0001\0002\000\137\000w\000e\000i\000l\000\050\000\051}{subsection.8.29.3}% 308
\BOOKMARK [3][-]{subsubsection.8.29.3.8}{\376\377\0008\000.\0002\0009\000.\0003\000.\0008\000\040\000g\000e\000n\000e\000r\000a\000t\000e\000\137\000b\000n\000\137\000m\000o\000t\000h\000e\000r\000\137\000p\000a\000r\000a\000m\000e\000t\000e\000r\000\050\000\051}{subsection.8.29.3}% 309
\BOOKMARK [3][-]{subsubsection.8.29.3.9}{\376\377\0008\000.\0002\0009\000.\0003\000.\0009\000\040\000g\000e\000n\000e\000r\000a\000t\000e\000\137\000b\000n\000\137\000o\000r\000d\000e\000r\000\050\000\051}{subsection.8.29.3}% 310
\BOOKMARK [3][-]{subsubsection.8.29.3.10}{\376\377\0008\000.\0002\0009\000.\0003\000.\0001\0000\000\040\000g\000e\000n\000e\000r\000a\000t\000e\000\137\000b\000n\000\137\000p\000r\000i\000m\000e\000\050\000\051}{subsection.8.29.3}% 311
\BOOKMARK [3][-]{subsubsection.8.29.3.11}{\376\377\0008\000.\0002\0009\000.\0003\000.\0001\0001\000\040\000g\000e\000n\000e\000r\000a\000t\000e\000\137\000b\000n\000\137\000t\000r\000a\000c\000e\000\050\000\051}{subsection.8.29.3}% 312
\BOOKMARK [3][-]{subsubsection.8.29.3.12}{\376\377\0008\000.\0002\0009\000.\0003\000.\0001\0002\000\040\000i\000n\000i\000t\000\137\000b\000l\000s\0001\0002\000\137\000p\000a\000r\000a\000m\000e\000t\000e\000r\000s\000\050\000\051}{subsection.8.29.3}% 313
\BOOKMARK [3][-]{subsubsection.8.29.3.13}{\376\377\0008\000.\0002\0009\000.\0003\000.\0001\0003\000\040\000i\000n\000i\000t\000\137\000b\000l\000s\0001\0002\000\137\000s\000e\000t\000t\000i\000n\000g\000s\000\050\000\051}{subsection.8.29.3}% 314
\BOOKMARK [3][-]{subsubsection.8.29.3.14}{\376\377\0008\000.\0002\0009\000.\0003\000.\0001\0004\000\040\000i\000n\000i\000t\000\137\000b\000n\000\137\000p\000a\000r\000a\000m\000e\000t\000e\000r\000s\000\050\000\051}{subsection.8.29.3}% 315
\BOOKMARK [3][-]{subsubsection.8.29.3.15}{\376\377\0008\000.\0002\0009\000.\0003\000.\0001\0005\000\040\000i\000n\000i\000t\000\137\000b\000n\000\137\000s\000e\000t\000t\000i\000n\000g\000s\000\050\000\051}{subsection.8.29.3}% 316
\BOOKMARK [3][-]{subsubsection.8.29.3.16}{\376\377\0008\000.\0002\0009\000.\0003\000.\0001\0006\000\040\000p\000r\000i\000n\000t\000\137\000c\000u\000r\000v\000e\000\137\000p\000a\000r\000a\000m\000e\000t\000e\000r\000s\000\050\000\051}{subsection.8.29.3}% 317
\BOOKMARK [3][-]{subsubsection.8.29.3.17}{\376\377\0008\000.\0002\0009\000.\0003\000.\0001\0007\000\040\000s\000e\000t\000\137\000b\000n\000\137\000c\000u\000r\000v\000e\000\137\000p\000a\000r\000a\000m\000e\000t\000e\000r\000\050\000\051}{subsection.8.29.3}% 318
\BOOKMARK [3][-]{subsubsection.8.29.3.18}{\376\377\0008\000.\0002\0009\000.\0003\000.\0001\0008\000\040\000w\000e\000i\000l\000\050\000\051}{subsection.8.29.3}% 319
\BOOKMARK [2][-]{subsection.8.29.4}{\376\377\0008\000.\0002\0009\000.\0004\000\040\000V\000a\000r\000i\000a\000b\000l\000e\000\040\000D\000o\000c\000u\000m\000e\000n\000t\000a\000t\000i\000o\000n}{section.8.29}% 320
\BOOKMARK [3][-]{subsubsection.8.29.4.1}{\376\377\0008\000.\0002\0009\000.\0004\000.\0001\000\040\000b\000l\000s\0001\0002\000\137\000X\000\137\000b\000i\000n\000a\000r\000y}{subsection.8.29.4}% 321
\BOOKMARK [3][-]{subsubsection.8.29.4.2}{\376\377\0008\000.\0002\0009\000.\0004\000.\0002\000\040\000b\000l\000s\0001\0002\000\137\000X\000\137\000l\000e\000n\000g\000t\000h}{subsection.8.29.4}% 322
\BOOKMARK [3][-]{subsubsection.8.29.4.3}{\376\377\0008\000.\0002\0009\000.\0004\000.\0003\000\040\000c\000u\000r\000v\000e\000\137\000p\000a\000r\000a\000m\000e\000t\000e\000r\000s}{subsection.8.29.4}% 323
\BOOKMARK [3][-]{subsubsection.8.29.4.4}{\376\377\0008\000.\0002\0009\000.\0004\000.\0004\000\040\000s\000t\000a\000t\000e}{subsection.8.29.4}% 324
\BOOKMARK [3][-]{subsubsection.8.29.4.5}{\376\377\0008\000.\0002\0009\000.\0004\000.\0005\000\040\000X\000\137\000b\000i\000n\000a\000r\000y}{subsection.8.29.4}% 325
\BOOKMARK [3][-]{subsubsection.8.29.4.6}{\376\377\0008\000.\0002\0009\000.\0004\000.\0006\000\040\000X\000\137\000b\000i\000n\000a\000r\000y\000\137\000o\000p\000t}{subsection.8.29.4}% 326
\BOOKMARK [1][-]{section.8.30}{\376\377\0008\000.\0003\0000\000\040\000i\000n\000c\000l\000u\000d\000e\000/\000E\000L\000i\000P\000S\000\137\000b\000n\000\137\000b\000l\000s\000/\000f\000i\000e\000l\000d\000\137\000d\000t\000y\000p\000e\000.\000h\000\040\000F\000i\000l\000e\000\040\000R\000e\000f\000e\000r\000e\000n\000c\000e}{chapter.8}% 327
\BOOKMARK [2][-]{subsection.8.30.1}{\376\377\0008\000.\0003\0000\000.\0001\000\040\000D\000e\000t\000a\000i\000l\000e\000d\000\040\000D\000e\000s\000c\000r\000i\000p\000t\000i\000o\000n}{section.8.30}% 328
\BOOKMARK [2][-]{subsection.8.30.2}{\376\377\0008\000.\0003\0000\000.\0002\000\040\000T\000y\000p\000e\000d\000e\000f\000\040\000D\000o\000c\000u\000m\000e\000n\000t\000a\000t\000i\000o\000n}{section.8.30}% 329
\BOOKMARK [3][-]{subsubsection.8.30.2.1}{\376\377\0008\000.\0003\0000\000.\0002\000.\0001\000\040\000F\000p}{subsection.8.30.2}% 330
\BOOKMARK [3][-]{subsubsection.8.30.2.2}{\376\377\0008\000.\0003\0000\000.\0002\000.\0002\000\040\000F\000p\0001\0002}{subsection.8.30.2}% 331
\BOOKMARK [3][-]{subsubsection.8.30.2.3}{\376\377\0008\000.\0003\0000\000.\0002\000.\0003\000\040\000F\000p\0001\0006}{subsection.8.30.2}% 332
\BOOKMARK [3][-]{subsubsection.8.30.2.4}{\376\377\0008\000.\0003\0000\000.\0002\000.\0004\000\040\000F\000p\0002}{subsection.8.30.2}% 333
\BOOKMARK [3][-]{subsubsection.8.30.2.5}{\376\377\0008\000.\0003\0000\000.\0002\000.\0005\000\040\000F\000p\0004}{subsection.8.30.2}% 334
\BOOKMARK [3][-]{subsubsection.8.30.2.6}{\376\377\0008\000.\0003\0000\000.\0002\000.\0006\000\040\000F\000p\0006}{subsection.8.30.2}% 335
\BOOKMARK [3][-]{subsubsection.8.30.2.7}{\376\377\0008\000.\0003\0000\000.\0002\000.\0007\000\040\000F\000p\0008}{subsection.8.30.2}% 336
